2016-07-11 17:48:03,045 DEBUG[main](DBPool.java:68)-jdbc.poolPreparedStatements:false
2016-07-11 17:48:03,048 DEBUG[main](DBPool.java:68)-jdbc.maxActive:2
2016-07-11 17:48:03,048 DEBUG[main](DBPool.java:68)-jdbc.datasource:com.alibaba.druid.pool.DruidDataSource
2016-07-11 17:48:03,087 DEBUG[main](DBPool.java:68)-jdbc.url:jdbc:oracle:thin:@10.0.42.205:1521:orcl
2016-07-11 17:48:03,087 DEBUG[main](DBPool.java:68)-jdbc.minIdle:1
2016-07-11 17:48:03,087 DEBUG[main](DBPool.java:68)-jdbc.username:zmsjzx
2016-07-11 17:48:03,087 DEBUG[main](DBPool.java:68)-jdbc.driverClass:oracle.jdbc.driver.OracleDriver
2016-07-11 17:48:03,087 DEBUG[main](DBPool.java:68)-jdbc.initialSize:1
2016-07-11 17:48:03,087 DEBUG[main](DBPool.java:68)-jdbc.maxWait:60000
2016-07-11 17:48:03,088 DEBUG[main](DBPool.java:68)-jdbc.testWhileIdle:true
2016-07-11 17:48:03,088 DEBUG[main](DBPool.java:68)-jdbc.filters:stat,slf4j
2016-07-11 17:48:03,088 DEBUG[main](DBPool.java:68)-jdbc.validationQuery:select 1 from dual
2016-07-11 17:48:03,088 DEBUG[main](DBPool.java:68)-jdbc.testOnBorrow:false
2016-07-11 17:48:03,088 DEBUG[main](DBPool.java:68)-jdbc.maxPoolPreparedStatementPerConnectionSize:-1
2016-07-11 17:48:03,088 DEBUG[main](DBPool.java:68)-jdbc.testOnReturn:false
2016-07-11 17:48:03,089 DEBUG[main](DBPool.java:68)-jdbc.defaultAutoCommit:false
2016-07-11 17:48:03,091 DEBUG[main](DBPool.java:68)-jdbc.minEvictableIdleTimeMillis:300000
2016-07-11 17:48:03,091 DEBUG[main](DBPool.java:68)-jdbc.timeBetweenEvictionRunsMillis:60000
2016-07-11 17:48:03,091 DEBUG[main](DBPool.java:68)-jdbc.dbType:oracle
2016-07-11 17:48:03,389  INFO[main](DBPool.java:93)-Using DataSource : com.alibaba.druid.pool.DruidDataSource
2016-07-11 17:48:07,970  INFO[main](DBPool.java:100)-Connected to Oracle Oracle Database 11g Enterprise Edition Release 11.2.0.1.0 - 64bit Production
With the Partitioning, OLAP, Data Mining and Real Application Testing options
2016-07-11 17:48:07,971  INFO[main](PoolStatistics.java:24)-数据库连接数:0
2016-11-05 15:19:13,144 DEBUG[main](DBPool.java:68)-jdbc.poolPreparedStatements:false
2016-11-05 15:19:13,167 DEBUG[main](DBPool.java:68)-jdbc.maxActive:2
2016-11-05 15:19:13,167 DEBUG[main](DBPool.java:68)-jdbc.datasource:com.alibaba.druid.pool.DruidDataSource
2016-11-05 15:19:13,169 DEBUG[main](DBPool.java:68)-jdbc.url:jdbc:oracle:thin:@10.0.42.205:1521:orcl
2016-11-05 15:19:13,169 DEBUG[main](DBPool.java:68)-jdbc.minIdle:1
2016-11-05 15:19:13,169 DEBUG[main](DBPool.java:68)-jdbc.username:zmsjzx
2016-11-05 15:19:13,169 DEBUG[main](DBPool.java:68)-jdbc.driverClass:oracle.jdbc.driver.OracleDriver
2016-11-05 15:19:13,169 DEBUG[main](DBPool.java:68)-jdbc.initialSize:1
2016-11-05 15:19:13,169 DEBUG[main](DBPool.java:68)-jdbc.maxWait:60000
2016-11-05 15:19:13,169 DEBUG[main](DBPool.java:68)-jdbc.testWhileIdle:true
2016-11-05 15:19:13,169 DEBUG[main](DBPool.java:68)-jdbc.filters:stat,slf4j
2016-11-05 15:19:13,169 DEBUG[main](DBPool.java:68)-jdbc.validationQuery:select 1 from dual
2016-11-05 15:19:13,170 DEBUG[main](DBPool.java:68)-jdbc.testOnBorrow:false
2016-11-05 15:19:13,170 DEBUG[main](DBPool.java:68)-jdbc.maxPoolPreparedStatementPerConnectionSize:-1
2016-11-05 15:19:13,170 DEBUG[main](DBPool.java:68)-jdbc.testOnReturn:false
2016-11-05 15:19:13,170 DEBUG[main](DBPool.java:68)-jdbc.defaultAutoCommit:false
2016-11-05 15:19:13,172 DEBUG[main](DBPool.java:68)-jdbc.minEvictableIdleTimeMillis:300000
2016-11-05 15:19:13,172 DEBUG[main](DBPool.java:68)-jdbc.timeBetweenEvictionRunsMillis:60000
2016-11-05 15:19:13,172 DEBUG[main](DBPool.java:68)-jdbc.dbType:oracle
2016-11-05 15:19:13,249  INFO[main](DBPool.java:93)-Using DataSource : com.alibaba.druid.pool.DruidDataSource
2016-11-05 15:19:15,730  INFO[main](DBPool.java:100)-Connected to Oracle Oracle Database 11g Enterprise Edition Release 11.2.0.1.0 - 64bit Production
With the Partitioning, OLAP, Data Mining and Real Application Testing options
2016-11-05 15:19:15,730  INFO[main](PoolStatistics.java:24)-数据库连接数:0
2016-11-05 18:05:36,939 DEBUG[main](DBPool.java:68)-jdbc.poolPreparedStatements:false
2016-11-05 18:05:36,942 DEBUG[main](DBPool.java:68)-jdbc.maxActive:2
2016-11-05 18:05:36,942 DEBUG[main](DBPool.java:68)-jdbc.datasource:com.alibaba.druid.pool.DruidDataSource
2016-11-05 18:05:36,947 DEBUG[main](DBPool.java:68)-jdbc.url:jdbc:oracle:thin:@10.0.42.205:1521:orcl
2016-11-05 18:05:36,947 DEBUG[main](DBPool.java:68)-jdbc.minIdle:1
2016-11-05 18:05:36,947 DEBUG[main](DBPool.java:68)-jdbc.username:zmsjzx
2016-11-05 18:05:36,947 DEBUG[main](DBPool.java:68)-jdbc.driverClass:oracle.jdbc.driver.OracleDriver
2016-11-05 18:05:36,947 DEBUG[main](DBPool.java:68)-jdbc.initialSize:1
2016-11-05 18:05:36,948 DEBUG[main](DBPool.java:68)-jdbc.maxWait:60000
2016-11-05 18:05:36,948 DEBUG[main](DBPool.java:68)-jdbc.testWhileIdle:true
2016-11-05 18:05:36,948 DEBUG[main](DBPool.java:68)-jdbc.filters:stat,slf4j
2016-11-05 18:05:36,948 DEBUG[main](DBPool.java:68)-jdbc.validationQuery:select 1 from dual
2016-11-05 18:05:36,948 DEBUG[main](DBPool.java:68)-jdbc.testOnBorrow:false
2016-11-05 18:05:36,948 DEBUG[main](DBPool.java:68)-jdbc.maxPoolPreparedStatementPerConnectionSize:-1
2016-11-05 18:05:36,949 DEBUG[main](DBPool.java:68)-jdbc.testOnReturn:false
2016-11-05 18:05:36,949 DEBUG[main](DBPool.java:68)-jdbc.defaultAutoCommit:false
2016-11-05 18:05:36,950 DEBUG[main](DBPool.java:68)-jdbc.minEvictableIdleTimeMillis:300000
2016-11-05 18:05:36,950 DEBUG[main](DBPool.java:68)-jdbc.timeBetweenEvictionRunsMillis:60000
2016-11-05 18:05:36,950 DEBUG[main](DBPool.java:68)-jdbc.dbType:oracle
2016-11-05 18:05:37,030  INFO[main](DBPool.java:93)-Using DataSource : com.alibaba.druid.pool.DruidDataSource
2016-11-05 18:05:40,198  INFO[main](DBPool.java:100)-Connected to Oracle Oracle Database 11g Enterprise Edition Release 11.2.0.1.0 - 64bit Production
With the Partitioning, OLAP, Data Mining and Real Application Testing options
2016-11-05 18:05:40,198  INFO[main](PoolStatistics.java:24)-数据库连接数:0
2016-11-05 18:06:17,993 DEBUG[main](DBPool.java:68)-jdbc.poolPreparedStatements:false
2016-11-05 18:06:17,995 DEBUG[main](DBPool.java:68)-jdbc.maxActive:2
2016-11-05 18:06:17,995 DEBUG[main](DBPool.java:68)-jdbc.datasource:com.alibaba.druid.pool.DruidDataSource
2016-11-05 18:06:17,997 DEBUG[main](DBPool.java:68)-jdbc.url:jdbc:oracle:thin:@10.0.42.205:1521:orcl
2016-11-05 18:06:17,997 DEBUG[main](DBPool.java:68)-jdbc.minIdle:1
2016-11-05 18:06:17,998 DEBUG[main](DBPool.java:68)-jdbc.username:zmsjzx
2016-11-05 18:06:17,998 DEBUG[main](DBPool.java:68)-jdbc.driverClass:oracle.jdbc.driver.OracleDriver
2016-11-05 18:06:17,998 DEBUG[main](DBPool.java:68)-jdbc.initialSize:1
2016-11-05 18:06:17,998 DEBUG[main](DBPool.java:68)-jdbc.maxWait:60000
2016-11-05 18:06:17,998 DEBUG[main](DBPool.java:68)-jdbc.testWhileIdle:true
2016-11-05 18:06:17,998 DEBUG[main](DBPool.java:68)-jdbc.filters:stat,slf4j
2016-11-05 18:06:17,998 DEBUG[main](DBPool.java:68)-jdbc.validationQuery:select 1 from dual
2016-11-05 18:06:17,999 DEBUG[main](DBPool.java:68)-jdbc.testOnBorrow:false
2016-11-05 18:06:17,999 DEBUG[main](DBPool.java:68)-jdbc.maxPoolPreparedStatementPerConnectionSize:-1
2016-11-05 18:06:17,999 DEBUG[main](DBPool.java:68)-jdbc.testOnReturn:false
2016-11-05 18:06:17,999 DEBUG[main](DBPool.java:68)-jdbc.defaultAutoCommit:false
2016-11-05 18:06:18,001 DEBUG[main](DBPool.java:68)-jdbc.minEvictableIdleTimeMillis:300000
2016-11-05 18:06:18,001 DEBUG[main](DBPool.java:68)-jdbc.timeBetweenEvictionRunsMillis:60000
2016-11-05 18:06:18,001 DEBUG[main](DBPool.java:68)-jdbc.dbType:oracle
2016-11-05 18:06:18,020  INFO[main](DBPool.java:93)-Using DataSource : com.alibaba.druid.pool.DruidDataSource
2016-11-05 18:06:19,891  INFO[main](DBPool.java:100)-Connected to Oracle Oracle Database 11g Enterprise Edition Release 11.2.0.1.0 - 64bit Production
With the Partitioning, OLAP, Data Mining and Real Application Testing options
2016-11-05 18:06:19,892  INFO[main](PoolStatistics.java:24)-数据库连接数:0
2016-11-05 18:48:17,333 DEBUG[main](DBPool.java:68)-jdbc.poolPreparedStatements:false
2016-11-05 18:48:17,355 DEBUG[main](DBPool.java:68)-jdbc.maxActive:2
2016-11-05 18:48:17,356 DEBUG[main](DBPool.java:68)-jdbc.datasource:com.alibaba.druid.pool.DruidDataSource
2016-11-05 18:48:17,361 DEBUG[main](DBPool.java:68)-jdbc.url:jdbc:oracle:thin:@10.0.42.205:1521:orcl
2016-11-05 18:48:17,361 DEBUG[main](DBPool.java:68)-jdbc.minIdle:1
2016-11-05 18:48:17,362 DEBUG[main](DBPool.java:68)-jdbc.username:zmsjzx
2016-11-05 18:48:17,362 DEBUG[main](DBPool.java:68)-jdbc.driverClass:oracle.jdbc.driver.OracleDriver
2016-11-05 18:48:17,363 DEBUG[main](DBPool.java:68)-jdbc.initialSize:1
2016-11-05 18:48:17,363 DEBUG[main](DBPool.java:68)-jdbc.maxWait:60000
2016-11-05 18:48:17,364 DEBUG[main](DBPool.java:68)-jdbc.testWhileIdle:true
2016-11-05 18:48:17,364 DEBUG[main](DBPool.java:68)-jdbc.filters:stat,slf4j
2016-11-05 18:48:17,365 DEBUG[main](DBPool.java:68)-jdbc.validationQuery:select 1 from dual
2016-11-05 18:48:17,365 DEBUG[main](DBPool.java:68)-jdbc.testOnBorrow:false
2016-11-05 18:48:17,366 DEBUG[main](DBPool.java:68)-jdbc.maxPoolPreparedStatementPerConnectionSize:-1
2016-11-05 18:48:17,366 DEBUG[main](DBPool.java:68)-jdbc.testOnReturn:false
2016-11-05 18:48:17,367 DEBUG[main](DBPool.java:68)-jdbc.defaultAutoCommit:false
2016-11-05 18:48:17,372 DEBUG[main](DBPool.java:68)-jdbc.minEvictableIdleTimeMillis:300000
2016-11-05 18:48:17,373 DEBUG[main](DBPool.java:68)-jdbc.timeBetweenEvictionRunsMillis:60000
2016-11-05 18:48:17,373 DEBUG[main](DBPool.java:68)-jdbc.dbType:oracle
2016-11-05 18:48:17,418  INFO[main](DBPool.java:93)-Using DataSource : com.alibaba.druid.pool.DruidDataSource
2016-11-05 18:48:20,353  INFO[main](DBPool.java:100)-Connected to Oracle Oracle Database 11g Enterprise Edition Release 11.2.0.1.0 - 64bit Production
With the Partitioning, OLAP, Data Mining and Real Application Testing options
2016-11-05 18:48:20,353  INFO[main](PoolStatistics.java:24)-数据库连接数:0
2016-11-05 18:52:01,012 DEBUG[main](DBPool.java:68)-jdbc.poolPreparedStatements:false
2016-11-05 18:52:01,016 DEBUG[main](DBPool.java:68)-jdbc.maxActive:2
2016-11-05 18:52:01,016 DEBUG[main](DBPool.java:68)-jdbc.datasource:com.alibaba.druid.pool.DruidDataSource
2016-11-05 18:52:01,018 DEBUG[main](DBPool.java:68)-jdbc.url:jdbc:oracle:thin:@10.0.42.205:1521:orcl
2016-11-05 18:52:01,018 DEBUG[main](DBPool.java:68)-jdbc.minIdle:1
2016-11-05 18:52:01,018 DEBUG[main](DBPool.java:68)-jdbc.username:zmsjzx
2016-11-05 18:52:01,018 DEBUG[main](DBPool.java:68)-jdbc.driverClass:oracle.jdbc.driver.OracleDriver
2016-11-05 18:52:01,018 DEBUG[main](DBPool.java:68)-jdbc.initialSize:1
2016-11-05 18:52:01,018 DEBUG[main](DBPool.java:68)-jdbc.maxWait:60000
2016-11-05 18:52:01,019 DEBUG[main](DBPool.java:68)-jdbc.testWhileIdle:true
2016-11-05 18:52:01,019 DEBUG[main](DBPool.java:68)-jdbc.filters:stat,slf4j
2016-11-05 18:52:01,019 DEBUG[main](DBPool.java:68)-jdbc.validationQuery:select 1 from dual
2016-11-05 18:52:01,019 DEBUG[main](DBPool.java:68)-jdbc.testOnBorrow:false
2016-11-05 18:52:01,019 DEBUG[main](DBPool.java:68)-jdbc.maxPoolPreparedStatementPerConnectionSize:-1
2016-11-05 18:52:01,019 DEBUG[main](DBPool.java:68)-jdbc.testOnReturn:false
2016-11-05 18:52:01,020 DEBUG[main](DBPool.java:68)-jdbc.defaultAutoCommit:false
2016-11-05 18:52:01,022 DEBUG[main](DBPool.java:68)-jdbc.minEvictableIdleTimeMillis:300000
2016-11-05 18:52:01,022 DEBUG[main](DBPool.java:68)-jdbc.timeBetweenEvictionRunsMillis:60000
2016-11-05 18:52:01,022 DEBUG[main](DBPool.java:68)-jdbc.dbType:oracle
2016-11-05 18:52:01,049  INFO[main](DBPool.java:93)-Using DataSource : com.alibaba.druid.pool.DruidDataSource
2016-11-05 18:52:03,036  INFO[main](DBPool.java:100)-Connected to Oracle Oracle Database 11g Enterprise Edition Release 11.2.0.1.0 - 64bit Production
With the Partitioning, OLAP, Data Mining and Real Application Testing options
2016-11-05 18:52:03,036  INFO[main](PoolStatistics.java:24)-数据库连接数:0
2016-11-10 07:56:43,854 DEBUG[main](DBPool.java:68)-jdbc.poolPreparedStatements:false
2016-11-10 07:56:43,871 DEBUG[main](DBPool.java:68)-jdbc.maxActive:2
2016-11-10 07:56:43,872 DEBUG[main](DBPool.java:68)-jdbc.datasource:com.alibaba.druid.pool.DruidDataSource
2016-11-10 07:56:43,874 DEBUG[main](DBPool.java:68)-jdbc.url:jdbc:oracle:thin:@10.0.42.205:1521:orcl
2016-11-10 07:56:43,874 DEBUG[main](DBPool.java:68)-jdbc.minIdle:1
2016-11-10 07:56:43,874 DEBUG[main](DBPool.java:68)-jdbc.username:zmsjzx
2016-11-10 07:56:43,874 DEBUG[main](DBPool.java:68)-jdbc.driverClass:oracle.jdbc.driver.OracleDriver
2016-11-10 07:56:43,875 DEBUG[main](DBPool.java:68)-jdbc.initialSize:1
2016-11-10 07:56:43,875 DEBUG[main](DBPool.java:68)-jdbc.maxWait:60000
2016-11-10 07:56:43,875 DEBUG[main](DBPool.java:68)-jdbc.testWhileIdle:true
2016-11-10 07:56:43,875 DEBUG[main](DBPool.java:68)-jdbc.filters:stat,slf4j
2016-11-10 07:56:43,875 DEBUG[main](DBPool.java:68)-jdbc.validationQuery:select 1 from dual
2016-11-10 07:56:43,875 DEBUG[main](DBPool.java:68)-jdbc.testOnBorrow:false
2016-11-10 07:56:43,875 DEBUG[main](DBPool.java:68)-jdbc.maxPoolPreparedStatementPerConnectionSize:-1
2016-11-10 07:56:43,875 DEBUG[main](DBPool.java:68)-jdbc.testOnReturn:false
2016-11-10 07:56:43,876 DEBUG[main](DBPool.java:68)-jdbc.defaultAutoCommit:false
2016-11-10 07:56:43,877 DEBUG[main](DBPool.java:68)-jdbc.minEvictableIdleTimeMillis:300000
2016-11-10 07:56:43,877 DEBUG[main](DBPool.java:68)-jdbc.timeBetweenEvictionRunsMillis:60000
2016-11-10 07:56:43,877 DEBUG[main](DBPool.java:68)-jdbc.dbType:oracle
2016-11-10 07:56:44,003  INFO[main](DBPool.java:93)-Using DataSource : com.alibaba.druid.pool.DruidDataSource
2016-11-10 07:56:46,098  INFO[main](DBPool.java:100)-Connected to Oracle Oracle Database 11g Enterprise Edition Release 11.2.0.1.0 - 64bit Production
With the Partitioning, OLAP, Data Mining and Real Application Testing options
2016-11-10 07:56:46,098  INFO[main](PoolStatistics.java:24)-数据库连接数:0
2016-11-10 08:05:46,538 DEBUG[main](DBPool.java:68)-jdbc.poolPreparedStatements:false
2016-11-10 08:05:46,541 DEBUG[main](DBPool.java:68)-jdbc.maxActive:2
2016-11-10 08:05:46,541 DEBUG[main](DBPool.java:68)-jdbc.datasource:com.alibaba.druid.pool.DruidDataSource
2016-11-10 08:05:46,543 DEBUG[main](DBPool.java:68)-jdbc.url:jdbc:oracle:thin:@10.0.42.205:1521:orcl
2016-11-10 08:05:46,543 DEBUG[main](DBPool.java:68)-jdbc.minIdle:1
2016-11-10 08:05:46,543 DEBUG[main](DBPool.java:68)-jdbc.username:zmsjzx
2016-11-10 08:05:46,543 DEBUG[main](DBPool.java:68)-jdbc.driverClass:oracle.jdbc.driver.OracleDriver
2016-11-10 08:05:46,543 DEBUG[main](DBPool.java:68)-jdbc.initialSize:1
2016-11-10 08:05:46,543 DEBUG[main](DBPool.java:68)-jdbc.maxWait:60000
2016-11-10 08:05:46,543 DEBUG[main](DBPool.java:68)-jdbc.testWhileIdle:true
2016-11-10 08:05:46,544 DEBUG[main](DBPool.java:68)-jdbc.filters:stat,slf4j
2016-11-10 08:05:46,544 DEBUG[main](DBPool.java:68)-jdbc.validationQuery:select 1 from dual
2016-11-10 08:05:46,544 DEBUG[main](DBPool.java:68)-jdbc.testOnBorrow:false
2016-11-10 08:05:46,544 DEBUG[main](DBPool.java:68)-jdbc.maxPoolPreparedStatementPerConnectionSize:-1
2016-11-10 08:05:46,544 DEBUG[main](DBPool.java:68)-jdbc.testOnReturn:false
2016-11-10 08:05:46,544 DEBUG[main](DBPool.java:68)-jdbc.defaultAutoCommit:false
2016-11-10 08:05:46,546 DEBUG[main](DBPool.java:68)-jdbc.minEvictableIdleTimeMillis:300000
2016-11-10 08:05:46,546 DEBUG[main](DBPool.java:68)-jdbc.timeBetweenEvictionRunsMillis:60000
2016-11-10 08:05:46,546 DEBUG[main](DBPool.java:68)-jdbc.dbType:oracle
2016-11-10 08:05:46,573  INFO[main](DBPool.java:93)-Using DataSource : com.alibaba.druid.pool.DruidDataSource
2016-11-10 08:05:47,631  INFO[main](DBPool.java:100)-Connected to Oracle Oracle Database 11g Enterprise Edition Release 11.2.0.1.0 - 64bit Production
With the Partitioning, OLAP, Data Mining and Real Application Testing options
2016-11-10 08:05:47,631  INFO[main](PoolStatistics.java:24)-数据库连接数:0
2016-11-10 16:27:44,309 DEBUG[main](DBPool.java:68)-jdbc.poolPreparedStatements:false
2016-11-10 16:27:44,320 DEBUG[main](DBPool.java:68)-jdbc.maxActive:2
2016-11-10 16:27:44,320 DEBUG[main](DBPool.java:68)-jdbc.datasource:com.alibaba.druid.pool.DruidDataSource
2016-11-10 16:27:44,322 DEBUG[main](DBPool.java:68)-jdbc.url:jdbc:oracle:thin:@10.0.42.205:1521:orcl
2016-11-10 16:27:44,322 DEBUG[main](DBPool.java:68)-jdbc.minIdle:1
2016-11-10 16:27:44,322 DEBUG[main](DBPool.java:68)-jdbc.username:zmsjzx
2016-11-10 16:27:44,322 DEBUG[main](DBPool.java:68)-jdbc.driverClass:oracle.jdbc.driver.OracleDriver
2016-11-10 16:27:44,322 DEBUG[main](DBPool.java:68)-jdbc.initialSize:1
2016-11-10 16:27:44,322 DEBUG[main](DBPool.java:68)-jdbc.maxWait:60000
2016-11-10 16:27:44,322 DEBUG[main](DBPool.java:68)-jdbc.testWhileIdle:true
2016-11-10 16:27:44,322 DEBUG[main](DBPool.java:68)-jdbc.filters:stat,slf4j
2016-11-10 16:27:44,322 DEBUG[main](DBPool.java:68)-jdbc.validationQuery:select 1 from dual
2016-11-10 16:27:44,323 DEBUG[main](DBPool.java:68)-jdbc.testOnBorrow:false
2016-11-10 16:27:44,323 DEBUG[main](DBPool.java:68)-jdbc.maxPoolPreparedStatementPerConnectionSize:-1
2016-11-10 16:27:44,323 DEBUG[main](DBPool.java:68)-jdbc.testOnReturn:false
2016-11-10 16:27:44,323 DEBUG[main](DBPool.java:68)-jdbc.defaultAutoCommit:false
2016-11-10 16:27:44,325 DEBUG[main](DBPool.java:68)-jdbc.minEvictableIdleTimeMillis:300000
2016-11-10 16:27:44,325 DEBUG[main](DBPool.java:68)-jdbc.timeBetweenEvictionRunsMillis:60000
2016-11-10 16:27:44,325 DEBUG[main](DBPool.java:68)-jdbc.dbType:oracle
2016-11-10 16:27:44,484  INFO[main](DBPool.java:93)-Using DataSource : com.alibaba.druid.pool.DruidDataSource
2016-11-10 16:27:47,029  INFO[main](DBPool.java:100)-Connected to Oracle Oracle Database 11g Enterprise Edition Release 11.2.0.1.0 - 64bit Production
With the Partitioning, OLAP, Data Mining and Real Application Testing options
2016-11-10 16:27:47,029  INFO[main](PoolStatistics.java:24)-数据库连接数:0
2016-11-10 16:33:56,974 DEBUG[main](DBPool.java:68)-jdbc.poolPreparedStatements:false
2016-11-10 16:33:57,124 DEBUG[main](DBPool.java:68)-jdbc.maxActive:2
2016-11-10 16:33:57,124 DEBUG[main](DBPool.java:68)-jdbc.datasource:com.alibaba.druid.pool.DruidDataSource
2016-11-10 16:33:57,127 DEBUG[main](DBPool.java:68)-jdbc.url:jdbc:oracle:thin:@10.0.42.205:1521:orcl
2016-11-10 16:33:57,128 DEBUG[main](DBPool.java:68)-jdbc.minIdle:1
2016-11-10 16:33:57,128 DEBUG[main](DBPool.java:68)-jdbc.username:zmsjzx
2016-11-10 16:33:57,128 DEBUG[main](DBPool.java:68)-jdbc.driverClass:oracle.jdbc.driver.OracleDriver
2016-11-10 16:33:57,128 DEBUG[main](DBPool.java:68)-jdbc.initialSize:1
2016-11-10 16:33:57,129 DEBUG[main](DBPool.java:68)-jdbc.maxWait:60000
2016-11-10 16:33:57,129 DEBUG[main](DBPool.java:68)-jdbc.testWhileIdle:true
2016-11-10 16:33:57,129 DEBUG[main](DBPool.java:68)-jdbc.filters:stat,slf4j
2016-11-10 16:33:57,129 DEBUG[main](DBPool.java:68)-jdbc.validationQuery:select 1 from dual
2016-11-10 16:33:57,129 DEBUG[main](DBPool.java:68)-jdbc.testOnBorrow:false
2016-11-10 16:33:57,129 DEBUG[main](DBPool.java:68)-jdbc.maxPoolPreparedStatementPerConnectionSize:-1
2016-11-10 16:33:57,130 DEBUG[main](DBPool.java:68)-jdbc.testOnReturn:false
2016-11-10 16:33:57,130 DEBUG[main](DBPool.java:68)-jdbc.defaultAutoCommit:false
2016-11-10 16:33:57,132 DEBUG[main](DBPool.java:68)-jdbc.minEvictableIdleTimeMillis:300000
2016-11-10 16:33:57,133 DEBUG[main](DBPool.java:68)-jdbc.timeBetweenEvictionRunsMillis:60000
2016-11-10 16:33:57,133 DEBUG[main](DBPool.java:68)-jdbc.dbType:oracle
2016-11-10 16:33:57,179  INFO[main](DBPool.java:93)-Using DataSource : com.alibaba.druid.pool.DruidDataSource
2016-11-10 16:33:58,038  INFO[main](DBPool.java:100)-Connected to Oracle Oracle Database 11g Enterprise Edition Release 11.2.0.1.0 - 64bit Production
With the Partitioning, OLAP, Data Mining and Real Application Testing options
2016-11-10 16:33:58,038  INFO[main](PoolStatistics.java:24)-数据库连接数:0
2016-11-14 15:41:35,593 DEBUG[main](DBPool.java:68)-jdbc.poolPreparedStatements:false
2016-11-14 15:41:35,619 DEBUG[main](DBPool.java:68)-jdbc.maxActive:2
2016-11-14 15:41:35,619 DEBUG[main](DBPool.java:68)-jdbc.datasource:com.alibaba.druid.pool.DruidDataSource
2016-11-14 15:41:35,625 DEBUG[main](DBPool.java:68)-jdbc.url:jdbc:oracle:thin:@10.0.42.205:1521:orcl
2016-11-14 15:41:35,626 DEBUG[main](DBPool.java:68)-jdbc.minIdle:1
2016-11-14 15:41:35,626 DEBUG[main](DBPool.java:68)-jdbc.username:zmsjzx
2016-11-14 15:41:35,627 DEBUG[main](DBPool.java:68)-jdbc.driverClass:oracle.jdbc.driver.OracleDriver
2016-11-14 15:41:35,627 DEBUG[main](DBPool.java:68)-jdbc.initialSize:1
2016-11-14 15:41:35,627 DEBUG[main](DBPool.java:68)-jdbc.maxWait:60000
2016-11-14 15:41:35,628 DEBUG[main](DBPool.java:68)-jdbc.testWhileIdle:true
2016-11-14 15:41:35,629 DEBUG[main](DBPool.java:68)-jdbc.filters:stat,slf4j
2016-11-14 15:41:35,629 DEBUG[main](DBPool.java:68)-jdbc.validationQuery:select 1 from dual
2016-11-14 15:41:35,630 DEBUG[main](DBPool.java:68)-jdbc.testOnBorrow:false
2016-11-14 15:41:35,631 DEBUG[main](DBPool.java:68)-jdbc.maxPoolPreparedStatementPerConnectionSize:-1
2016-11-14 15:41:35,631 DEBUG[main](DBPool.java:68)-jdbc.testOnReturn:false
2016-11-14 15:41:35,633 DEBUG[main](DBPool.java:68)-jdbc.defaultAutoCommit:false
2016-11-14 15:41:35,639 DEBUG[main](DBPool.java:68)-jdbc.minEvictableIdleTimeMillis:300000
2016-11-14 15:41:35,640 DEBUG[main](DBPool.java:68)-jdbc.timeBetweenEvictionRunsMillis:60000
2016-11-14 15:41:35,641 DEBUG[main](DBPool.java:68)-jdbc.dbType:oracle
2016-11-14 15:41:35,759  INFO[main](DBPool.java:93)-Using DataSource : com.alibaba.druid.pool.DruidDataSource
2016-11-14 15:41:38,710  INFO[main](DBPool.java:100)-Connected to Oracle Oracle Database 11g Enterprise Edition Release 11.2.0.1.0 - 64bit Production
With the Partitioning, OLAP, Data Mining and Real Application Testing options
2016-11-14 15:41:38,710  INFO[main](PoolStatistics.java:24)-数据库连接数:0
2016-11-15 10:57:37,291 DEBUG[main](DBPool.java:68)-jdbc.poolPreparedStatements:false
2016-11-15 10:57:37,301 DEBUG[main](DBPool.java:68)-jdbc.maxActive:2
2016-11-15 10:57:37,301 DEBUG[main](DBPool.java:68)-jdbc.datasource:com.alibaba.druid.pool.DruidDataSource
2016-11-15 10:57:37,302 DEBUG[main](DBPool.java:68)-jdbc.url:jdbc:oracle:thin:@10.0.42.205:1521:orcl
2016-11-15 10:57:37,302 DEBUG[main](DBPool.java:68)-jdbc.minIdle:1
2016-11-15 10:57:37,302 DEBUG[main](DBPool.java:68)-jdbc.username:zmsjzx
2016-11-15 10:57:37,303 DEBUG[main](DBPool.java:68)-jdbc.driverClass:oracle.jdbc.driver.OracleDriver
2016-11-15 10:57:37,303 DEBUG[main](DBPool.java:68)-jdbc.initialSize:1
2016-11-15 10:57:37,303 DEBUG[main](DBPool.java:68)-jdbc.maxWait:60000
2016-11-15 10:57:37,303 DEBUG[main](DBPool.java:68)-jdbc.testWhileIdle:true
2016-11-15 10:57:37,303 DEBUG[main](DBPool.java:68)-jdbc.filters:stat,slf4j
2016-11-15 10:57:37,303 DEBUG[main](DBPool.java:68)-jdbc.validationQuery:select 1 from dual
2016-11-15 10:57:37,303 DEBUG[main](DBPool.java:68)-jdbc.testOnBorrow:false
2016-11-15 10:57:37,303 DEBUG[main](DBPool.java:68)-jdbc.maxPoolPreparedStatementPerConnectionSize:-1
2016-11-15 10:57:37,303 DEBUG[main](DBPool.java:68)-jdbc.testOnReturn:false
2016-11-15 10:57:37,304 DEBUG[main](DBPool.java:68)-jdbc.defaultAutoCommit:false
2016-11-15 10:57:37,305 DEBUG[main](DBPool.java:68)-jdbc.minEvictableIdleTimeMillis:300000
2016-11-15 10:57:37,305 DEBUG[main](DBPool.java:68)-jdbc.timeBetweenEvictionRunsMillis:60000
2016-11-15 10:57:37,305 DEBUG[main](DBPool.java:68)-jdbc.dbType:oracle
2016-11-15 10:57:37,391  INFO[main](DBPool.java:93)-Using DataSource : com.alibaba.druid.pool.DruidDataSource
2016-11-15 10:57:40,255  INFO[main](DBPool.java:100)-Connected to Oracle Oracle Database 11g Enterprise Edition Release 11.2.0.1.0 - 64bit Production
With the Partitioning, OLAP, Data Mining and Real Application Testing options
2016-11-15 10:57:40,255  INFO[main](PoolStatistics.java:24)-数据库连接数:0
2016-11-15 10:58:26,492 DEBUG[main](DBPool.java:68)-jdbc.poolPreparedStatements:false
2016-11-15 10:58:26,496 DEBUG[main](DBPool.java:68)-jdbc.maxActive:2
2016-11-15 10:58:26,496 DEBUG[main](DBPool.java:68)-jdbc.datasource:com.alibaba.druid.pool.DruidDataSource
2016-11-15 10:58:26,498 DEBUG[main](DBPool.java:68)-jdbc.url:jdbc:oracle:thin:@10.0.42.205:1521:orcl
2016-11-15 10:58:26,498 DEBUG[main](DBPool.java:68)-jdbc.minIdle:1
2016-11-15 10:58:26,498 DEBUG[main](DBPool.java:68)-jdbc.username:zmsjzx
2016-11-15 10:58:26,498 DEBUG[main](DBPool.java:68)-jdbc.driverClass:oracle.jdbc.driver.OracleDriver
2016-11-15 10:58:26,499 DEBUG[main](DBPool.java:68)-jdbc.initialSize:1
2016-11-15 10:58:26,499 DEBUG[main](DBPool.java:68)-jdbc.maxWait:60000
2016-11-15 10:58:26,499 DEBUG[main](DBPool.java:68)-jdbc.testWhileIdle:true
2016-11-15 10:58:26,499 DEBUG[main](DBPool.java:68)-jdbc.filters:stat,slf4j
2016-11-15 10:58:26,499 DEBUG[main](DBPool.java:68)-jdbc.validationQuery:select 1 from dual
2016-11-15 10:58:26,499 DEBUG[main](DBPool.java:68)-jdbc.testOnBorrow:false
2016-11-15 10:58:26,499 DEBUG[main](DBPool.java:68)-jdbc.maxPoolPreparedStatementPerConnectionSize:-1
2016-11-15 10:58:26,499 DEBUG[main](DBPool.java:68)-jdbc.testOnReturn:false
2016-11-15 10:58:26,499 DEBUG[main](DBPool.java:68)-jdbc.defaultAutoCommit:false
2016-11-15 10:58:26,501 DEBUG[main](DBPool.java:68)-jdbc.minEvictableIdleTimeMillis:300000
2016-11-15 10:58:26,501 DEBUG[main](DBPool.java:68)-jdbc.timeBetweenEvictionRunsMillis:60000
2016-11-15 10:58:26,501 DEBUG[main](DBPool.java:68)-jdbc.dbType:oracle
2016-11-15 10:58:26,523  INFO[main](DBPool.java:93)-Using DataSource : com.alibaba.druid.pool.DruidDataSource
2016-11-15 10:58:27,365  INFO[main](DBPool.java:100)-Connected to Oracle Oracle Database 11g Enterprise Edition Release 11.2.0.1.0 - 64bit Production
With the Partitioning, OLAP, Data Mining and Real Application Testing options
2016-11-15 10:58:27,366  INFO[main](PoolStatistics.java:24)-数据库连接数:0
2016-11-16 08:29:56,099 DEBUG[main](DBPool.java:68)-jdbc.poolPreparedStatements:false
2016-11-16 08:29:56,125 DEBUG[main](DBPool.java:68)-jdbc.maxActive:2
2016-11-16 08:29:56,125 DEBUG[main](DBPool.java:68)-jdbc.datasource:com.alibaba.druid.pool.DruidDataSource
2016-11-16 08:29:56,128 DEBUG[main](DBPool.java:68)-jdbc.url:jdbc:oracle:thin:@10.0.42.205:1521:orcl
2016-11-16 08:29:56,128 DEBUG[main](DBPool.java:68)-jdbc.minIdle:1
2016-11-16 08:29:56,129 DEBUG[main](DBPool.java:68)-jdbc.username:zmsjzx
2016-11-16 08:29:56,129 DEBUG[main](DBPool.java:68)-jdbc.driverClass:oracle.jdbc.driver.OracleDriver
2016-11-16 08:29:56,129 DEBUG[main](DBPool.java:68)-jdbc.initialSize:1
2016-11-16 08:29:56,129 DEBUG[main](DBPool.java:68)-jdbc.maxWait:60000
2016-11-16 08:29:56,129 DEBUG[main](DBPool.java:68)-jdbc.testWhileIdle:true
2016-11-16 08:29:56,130 DEBUG[main](DBPool.java:68)-jdbc.filters:stat,slf4j
2016-11-16 08:29:56,130 DEBUG[main](DBPool.java:68)-jdbc.validationQuery:select 1 from dual
2016-11-16 08:29:56,130 DEBUG[main](DBPool.java:68)-jdbc.testOnBorrow:false
2016-11-16 08:29:56,130 DEBUG[main](DBPool.java:68)-jdbc.maxPoolPreparedStatementPerConnectionSize:-1
2016-11-16 08:29:56,130 DEBUG[main](DBPool.java:68)-jdbc.testOnReturn:false
2016-11-16 08:29:56,130 DEBUG[main](DBPool.java:68)-jdbc.defaultAutoCommit:false
2016-11-16 08:29:56,133 DEBUG[main](DBPool.java:68)-jdbc.minEvictableIdleTimeMillis:300000
2016-11-16 08:29:56,133 DEBUG[main](DBPool.java:68)-jdbc.timeBetweenEvictionRunsMillis:60000
2016-11-16 08:29:56,133 DEBUG[main](DBPool.java:68)-jdbc.dbType:oracle
2016-11-16 08:29:56,170  INFO[main](DBPool.java:93)-Using DataSource : com.alibaba.druid.pool.DruidDataSource
2016-11-16 08:29:57,213  INFO[main](DBPool.java:100)-Connected to Oracle Oracle Database 11g Enterprise Edition Release 11.2.0.1.0 - 64bit Production
With the Partitioning, OLAP, Data Mining and Real Application Testing options
2016-11-16 08:29:57,213  INFO[main](PoolStatistics.java:24)-数据库连接数:0
2017-01-20 11:49:59,007 DEBUG[main](DBPool.java:68)-jdbc.poolPreparedStatements:false
2017-01-20 11:49:59,043 DEBUG[main](DBPool.java:68)-jdbc.maxActive:2
2017-01-20 11:49:59,044 DEBUG[main](DBPool.java:68)-jdbc.datasource:com.alibaba.druid.pool.DruidDataSource
2017-01-20 11:49:59,050 DEBUG[main](DBPool.java:68)-jdbc.url:jdbc:oracle:thin:@10.0.42.205:1521:orcl
2017-01-20 11:49:59,051 DEBUG[main](DBPool.java:68)-jdbc.minIdle:1
2017-01-20 11:49:59,053 DEBUG[main](DBPool.java:68)-jdbc.username:zmsjzx
2017-01-20 11:49:59,053 DEBUG[main](DBPool.java:68)-jdbc.driverClass:oracle.jdbc.driver.OracleDriver
2017-01-20 11:49:59,054 DEBUG[main](DBPool.java:68)-jdbc.initialSize:1
2017-01-20 11:49:59,054 DEBUG[main](DBPool.java:68)-jdbc.maxWait:60000
2017-01-20 11:49:59,055 DEBUG[main](DBPool.java:68)-jdbc.testWhileIdle:true
2017-01-20 11:49:59,055 DEBUG[main](DBPool.java:68)-jdbc.filters:stat,slf4j
2017-01-20 11:49:59,056 DEBUG[main](DBPool.java:68)-jdbc.validationQuery:select 1 from dual
2017-01-20 11:49:59,056 DEBUG[main](DBPool.java:68)-jdbc.testOnBorrow:false
2017-01-20 11:49:59,057 DEBUG[main](DBPool.java:68)-jdbc.maxPoolPreparedStatementPerConnectionSize:-1
2017-01-20 11:49:59,057 DEBUG[main](DBPool.java:68)-jdbc.testOnReturn:false
2017-01-20 11:49:59,058 DEBUG[main](DBPool.java:68)-jdbc.defaultAutoCommit:false
2017-01-20 11:49:59,065 DEBUG[main](DBPool.java:68)-jdbc.minEvictableIdleTimeMillis:300000
2017-01-20 11:49:59,066 DEBUG[main](DBPool.java:68)-jdbc.timeBetweenEvictionRunsMillis:60000
2017-01-20 11:49:59,067 DEBUG[main](DBPool.java:68)-jdbc.dbType:oracle
2017-01-20 11:49:59,118  INFO[main](DBPool.java:93)-Using DataSource : com.alibaba.druid.pool.DruidDataSource
2017-01-20 11:50:00,032  INFO[main](DBPool.java:100)-Connected to Oracle Oracle Database 11g Enterprise Edition Release 11.2.0.1.0 - 64bit Production
With the Partitioning, OLAP, Data Mining and Real Application Testing options
2017-01-20 11:50:00,032  INFO[main](PoolStatistics.java:24)-数据库连接数:0
2017-01-20 15:16:30,423 DEBUG[main](DBPool.java:68)-jdbc.poolPreparedStatements:false
2017-01-20 15:16:30,425 DEBUG[main](DBPool.java:68)-jdbc.maxActive:2
2017-01-20 15:16:30,425 DEBUG[main](DBPool.java:68)-jdbc.datasource:com.alibaba.druid.pool.DruidDataSource
2017-01-20 15:16:30,427 DEBUG[main](DBPool.java:68)-jdbc.url:jdbc:oracle:thin:@10.0.42.205:1521:orcl
2017-01-20 15:16:30,427 DEBUG[main](DBPool.java:68)-jdbc.minIdle:1
2017-01-20 15:16:30,427 DEBUG[main](DBPool.java:68)-jdbc.username:zmsjzx
2017-01-20 15:16:30,427 DEBUG[main](DBPool.java:68)-jdbc.driverClass:oracle.jdbc.driver.OracleDriver
2017-01-20 15:16:30,428 DEBUG[main](DBPool.java:68)-jdbc.initialSize:1
2017-01-20 15:16:30,428 DEBUG[main](DBPool.java:68)-jdbc.maxWait:60000
2017-01-20 15:16:30,428 DEBUG[main](DBPool.java:68)-jdbc.testWhileIdle:true
2017-01-20 15:16:30,428 DEBUG[main](DBPool.java:68)-jdbc.filters:stat,slf4j
2017-01-20 15:16:30,428 DEBUG[main](DBPool.java:68)-jdbc.validationQuery:select 1 from dual
2017-01-20 15:16:30,428 DEBUG[main](DBPool.java:68)-jdbc.testOnBorrow:false
2017-01-20 15:16:30,429 DEBUG[main](DBPool.java:68)-jdbc.maxPoolPreparedStatementPerConnectionSize:-1
2017-01-20 15:16:30,429 DEBUG[main](DBPool.java:68)-jdbc.testOnReturn:false
2017-01-20 15:16:30,429 DEBUG[main](DBPool.java:68)-jdbc.defaultAutoCommit:false
2017-01-20 15:16:30,430 DEBUG[main](DBPool.java:68)-jdbc.minEvictableIdleTimeMillis:300000
2017-01-20 15:16:30,430 DEBUG[main](DBPool.java:68)-jdbc.timeBetweenEvictionRunsMillis:60000
2017-01-20 15:16:30,431 DEBUG[main](DBPool.java:68)-jdbc.dbType:oracle
2017-01-20 15:16:30,450  INFO[main](DBPool.java:93)-Using DataSource : com.alibaba.druid.pool.DruidDataSource
2017-01-20 15:16:31,697  INFO[main](DBPool.java:100)-Connected to Oracle Oracle Database 11g Enterprise Edition Release 11.2.0.1.0 - 64bit Production
With the Partitioning, OLAP, Data Mining and Real Application Testing options
2017-01-20 15:16:31,697  INFO[main](PoolStatistics.java:24)-数据库连接数:0
2017-01-20 15:17:19,768 DEBUG[main](DBPool.java:68)-jdbc.poolPreparedStatements:false
2017-01-20 15:17:19,771 DEBUG[main](DBPool.java:68)-jdbc.maxActive:2
2017-01-20 15:17:19,771 DEBUG[main](DBPool.java:68)-jdbc.datasource:com.alibaba.druid.pool.DruidDataSource
2017-01-20 15:17:19,775 DEBUG[main](DBPool.java:68)-jdbc.url:jdbc:oracle:thin:@10.0.42.205:1521:orcl
2017-01-20 15:17:19,775 DEBUG[main](DBPool.java:68)-jdbc.minIdle:1
2017-01-20 15:17:19,775 DEBUG[main](DBPool.java:68)-jdbc.username:zmsjzx
2017-01-20 15:17:19,775 DEBUG[main](DBPool.java:68)-jdbc.driverClass:oracle.jdbc.driver.OracleDriver
2017-01-20 15:17:19,775 DEBUG[main](DBPool.java:68)-jdbc.initialSize:1
2017-01-20 15:17:19,775 DEBUG[main](DBPool.java:68)-jdbc.maxWait:60000
2017-01-20 15:17:19,776 DEBUG[main](DBPool.java:68)-jdbc.testWhileIdle:true
2017-01-20 15:17:19,776 DEBUG[main](DBPool.java:68)-jdbc.filters:stat,slf4j
2017-01-20 15:17:19,776 DEBUG[main](DBPool.java:68)-jdbc.validationQuery:select 1 from dual
2017-01-20 15:17:19,776 DEBUG[main](DBPool.java:68)-jdbc.testOnBorrow:false
2017-01-20 15:17:19,776 DEBUG[main](DBPool.java:68)-jdbc.maxPoolPreparedStatementPerConnectionSize:-1
2017-01-20 15:17:19,776 DEBUG[main](DBPool.java:68)-jdbc.testOnReturn:false
2017-01-20 15:17:19,777 DEBUG[main](DBPool.java:68)-jdbc.defaultAutoCommit:false
2017-01-20 15:17:19,778 DEBUG[main](DBPool.java:68)-jdbc.minEvictableIdleTimeMillis:300000
2017-01-20 15:17:19,779 DEBUG[main](DBPool.java:68)-jdbc.timeBetweenEvictionRunsMillis:60000
2017-01-20 15:17:19,779 DEBUG[main](DBPool.java:68)-jdbc.dbType:oracle
2017-01-20 15:17:19,801  INFO[main](DBPool.java:93)-Using DataSource : com.alibaba.druid.pool.DruidDataSource
2017-01-20 15:17:20,648  INFO[main](DBPool.java:100)-Connected to Oracle Oracle Database 11g Enterprise Edition Release 11.2.0.1.0 - 64bit Production
With the Partitioning, OLAP, Data Mining and Real Application Testing options
2017-01-20 15:17:20,648  INFO[main](PoolStatistics.java:24)-数据库连接数:0
2017-01-20 15:17:33,090 DEBUG[main](DBPool.java:68)-jdbc.poolPreparedStatements:false
2017-01-20 15:17:33,092 DEBUG[main](DBPool.java:68)-jdbc.maxActive:2
2017-01-20 15:17:33,092 DEBUG[main](DBPool.java:68)-jdbc.datasource:com.alibaba.druid.pool.DruidDataSource
2017-01-20 15:17:33,095 DEBUG[main](DBPool.java:68)-jdbc.url:jdbc:oracle:thin:@10.0.42.205:1521:orcl
2017-01-20 15:17:33,095 DEBUG[main](DBPool.java:68)-jdbc.minIdle:1
2017-01-20 15:17:33,095 DEBUG[main](DBPool.java:68)-jdbc.username:zmsjzx
2017-01-20 15:17:33,095 DEBUG[main](DBPool.java:68)-jdbc.driverClass:oracle.jdbc.driver.OracleDriver
2017-01-20 15:17:33,095 DEBUG[main](DBPool.java:68)-jdbc.initialSize:1
2017-01-20 15:17:33,096 DEBUG[main](DBPool.java:68)-jdbc.maxWait:60000
2017-01-20 15:17:33,096 DEBUG[main](DBPool.java:68)-jdbc.testWhileIdle:true
2017-01-20 15:17:33,096 DEBUG[main](DBPool.java:68)-jdbc.filters:stat,slf4j
2017-01-20 15:17:33,096 DEBUG[main](DBPool.java:68)-jdbc.validationQuery:select 1 from dual
2017-01-20 15:17:33,096 DEBUG[main](DBPool.java:68)-jdbc.testOnBorrow:false
2017-01-20 15:17:33,096 DEBUG[main](DBPool.java:68)-jdbc.maxPoolPreparedStatementPerConnectionSize:-1
2017-01-20 15:17:33,097 DEBUG[main](DBPool.java:68)-jdbc.testOnReturn:false
2017-01-20 15:17:33,097 DEBUG[main](DBPool.java:68)-jdbc.defaultAutoCommit:false
2017-01-20 15:17:33,098 DEBUG[main](DBPool.java:68)-jdbc.minEvictableIdleTimeMillis:300000
2017-01-20 15:17:33,099 DEBUG[main](DBPool.java:68)-jdbc.timeBetweenEvictionRunsMillis:60000
2017-01-20 15:17:33,099 DEBUG[main](DBPool.java:68)-jdbc.dbType:oracle
2017-01-20 15:17:33,120  INFO[main](DBPool.java:93)-Using DataSource : com.alibaba.druid.pool.DruidDataSource
2017-01-20 15:17:33,948  INFO[main](DBPool.java:100)-Connected to Oracle Oracle Database 11g Enterprise Edition Release 11.2.0.1.0 - 64bit Production
With the Partitioning, OLAP, Data Mining and Real Application Testing options
2017-01-20 15:17:33,948  INFO[main](PoolStatistics.java:24)-数据库连接数:0
2017-01-20 16:04:17,759 DEBUG[main](DBPool.java:68)-jdbc.poolPreparedStatements:false
2017-01-20 16:04:17,761 DEBUG[main](DBPool.java:68)-jdbc.maxActive:2
2017-01-20 16:04:17,761 DEBUG[main](DBPool.java:68)-jdbc.datasource:com.alibaba.druid.pool.DruidDataSource
2017-01-20 16:04:17,764 DEBUG[main](DBPool.java:68)-jdbc.url:jdbc:oracle:thin:@10.0.42.205:1521:orcl
2017-01-20 16:04:17,764 DEBUG[main](DBPool.java:68)-jdbc.minIdle:1
2017-01-20 16:04:17,764 DEBUG[main](DBPool.java:68)-jdbc.username:zmsjzx
2017-01-20 16:04:17,765 DEBUG[main](DBPool.java:68)-jdbc.driverClass:oracle.jdbc.driver.OracleDriver
2017-01-20 16:04:17,765 DEBUG[main](DBPool.java:68)-jdbc.initialSize:1
2017-01-20 16:04:17,765 DEBUG[main](DBPool.java:68)-jdbc.maxWait:60000
2017-01-20 16:04:17,765 DEBUG[main](DBPool.java:68)-jdbc.testWhileIdle:true
2017-01-20 16:04:17,765 DEBUG[main](DBPool.java:68)-jdbc.filters:stat,slf4j
2017-01-20 16:04:17,765 DEBUG[main](DBPool.java:68)-jdbc.validationQuery:select 1 from dual
2017-01-20 16:04:17,765 DEBUG[main](DBPool.java:68)-jdbc.testOnBorrow:false
2017-01-20 16:04:17,765 DEBUG[main](DBPool.java:68)-jdbc.maxPoolPreparedStatementPerConnectionSize:-1
2017-01-20 16:04:17,766 DEBUG[main](DBPool.java:68)-jdbc.testOnReturn:false
2017-01-20 16:04:17,766 DEBUG[main](DBPool.java:68)-jdbc.defaultAutoCommit:false
2017-01-20 16:04:17,767 DEBUG[main](DBPool.java:68)-jdbc.minEvictableIdleTimeMillis:300000
2017-01-20 16:04:17,767 DEBUG[main](DBPool.java:68)-jdbc.timeBetweenEvictionRunsMillis:60000
2017-01-20 16:04:17,767 DEBUG[main](DBPool.java:68)-jdbc.dbType:oracle
2017-01-20 16:04:17,787  INFO[main](DBPool.java:93)-Using DataSource : com.alibaba.druid.pool.DruidDataSource
2017-01-20 16:04:18,600  INFO[main](DBPool.java:100)-Connected to Oracle Oracle Database 11g Enterprise Edition Release 11.2.0.1.0 - 64bit Production
With the Partitioning, OLAP, Data Mining and Real Application Testing options
2017-01-20 16:04:18,601  INFO[main](PoolStatistics.java:24)-数据库连接数:0
2017-01-20 16:04:28,655 DEBUG[main](DBPool.java:68)-jdbc.poolPreparedStatements:false
2017-01-20 16:04:28,659 DEBUG[main](DBPool.java:68)-jdbc.maxActive:2
2017-01-20 16:04:28,659 DEBUG[main](DBPool.java:68)-jdbc.datasource:com.alibaba.druid.pool.DruidDataSource
2017-01-20 16:04:28,662 DEBUG[main](DBPool.java:68)-jdbc.url:jdbc:oracle:thin:@10.0.42.205:1521:orcl
2017-01-20 16:04:28,662 DEBUG[main](DBPool.java:68)-jdbc.minIdle:1
2017-01-20 16:04:28,662 DEBUG[main](DBPool.java:68)-jdbc.username:zmsjzx
2017-01-20 16:04:28,662 DEBUG[main](DBPool.java:68)-jdbc.driverClass:oracle.jdbc.driver.OracleDriver
2017-01-20 16:04:28,662 DEBUG[main](DBPool.java:68)-jdbc.initialSize:1
2017-01-20 16:04:28,663 DEBUG[main](DBPool.java:68)-jdbc.maxWait:60000
2017-01-20 16:04:28,663 DEBUG[main](DBPool.java:68)-jdbc.testWhileIdle:true
2017-01-20 16:04:28,663 DEBUG[main](DBPool.java:68)-jdbc.filters:stat,slf4j
2017-01-20 16:04:28,663 DEBUG[main](DBPool.java:68)-jdbc.validationQuery:select 1 from dual
2017-01-20 16:04:28,663 DEBUG[main](DBPool.java:68)-jdbc.testOnBorrow:false
2017-01-20 16:04:28,663 DEBUG[main](DBPool.java:68)-jdbc.maxPoolPreparedStatementPerConnectionSize:-1
2017-01-20 16:04:28,664 DEBUG[main](DBPool.java:68)-jdbc.testOnReturn:false
2017-01-20 16:04:28,664 DEBUG[main](DBPool.java:68)-jdbc.defaultAutoCommit:false
2017-01-20 16:04:28,666 DEBUG[main](DBPool.java:68)-jdbc.minEvictableIdleTimeMillis:300000
2017-01-20 16:04:28,666 DEBUG[main](DBPool.java:68)-jdbc.timeBetweenEvictionRunsMillis:60000
2017-01-20 16:04:28,666 DEBUG[main](DBPool.java:68)-jdbc.dbType:oracle
2017-01-20 16:04:28,687  INFO[main](DBPool.java:93)-Using DataSource : com.alibaba.druid.pool.DruidDataSource
2017-01-20 16:04:29,569  INFO[main](DBPool.java:100)-Connected to Oracle Oracle Database 11g Enterprise Edition Release 11.2.0.1.0 - 64bit Production
With the Partitioning, OLAP, Data Mining and Real Application Testing options
2017-01-20 16:04:29,569  INFO[main](PoolStatistics.java:24)-数据库连接数:0
2017-01-20 16:52:48,343 DEBUG[main](DBPool.java:68)-jdbc.poolPreparedStatements:false
2017-01-20 16:52:48,345 DEBUG[main](DBPool.java:68)-jdbc.maxActive:2
2017-01-20 16:52:48,345 DEBUG[main](DBPool.java:68)-jdbc.datasource:com.alibaba.druid.pool.DruidDataSource
2017-01-20 16:52:48,347 DEBUG[main](DBPool.java:68)-jdbc.url:jdbc:oracle:thin:@10.0.42.205:1521:orcl
2017-01-20 16:52:48,347 DEBUG[main](DBPool.java:68)-jdbc.minIdle:1
2017-01-20 16:52:48,348 DEBUG[main](DBPool.java:68)-jdbc.username:zmsjzx
2017-01-20 16:52:48,348 DEBUG[main](DBPool.java:68)-jdbc.driverClass:oracle.jdbc.driver.OracleDriver
2017-01-20 16:52:48,348 DEBUG[main](DBPool.java:68)-jdbc.initialSize:1
2017-01-20 16:52:48,348 DEBUG[main](DBPool.java:68)-jdbc.maxWait:60000
2017-01-20 16:52:48,348 DEBUG[main](DBPool.java:68)-jdbc.testWhileIdle:true
2017-01-20 16:52:48,348 DEBUG[main](DBPool.java:68)-jdbc.filters:stat,slf4j
2017-01-20 16:52:48,348 DEBUG[main](DBPool.java:68)-jdbc.validationQuery:select 1 from dual
2017-01-20 16:52:48,349 DEBUG[main](DBPool.java:68)-jdbc.testOnBorrow:false
2017-01-20 16:52:48,349 DEBUG[main](DBPool.java:68)-jdbc.maxPoolPreparedStatementPerConnectionSize:-1
2017-01-20 16:52:48,349 DEBUG[main](DBPool.java:68)-jdbc.testOnReturn:false
2017-01-20 16:52:48,349 DEBUG[main](DBPool.java:68)-jdbc.defaultAutoCommit:false
2017-01-20 16:52:48,350 DEBUG[main](DBPool.java:68)-jdbc.minEvictableIdleTimeMillis:300000
2017-01-20 16:52:48,350 DEBUG[main](DBPool.java:68)-jdbc.timeBetweenEvictionRunsMillis:60000
2017-01-20 16:52:48,351 DEBUG[main](DBPool.java:68)-jdbc.dbType:oracle
2017-01-20 16:52:48,369  INFO[main](DBPool.java:93)-Using DataSource : com.alibaba.druid.pool.DruidDataSource
2017-01-20 16:52:49,137  INFO[main](DBPool.java:100)-Connected to Oracle Oracle Database 11g Enterprise Edition Release 11.2.0.1.0 - 64bit Production
With the Partitioning, OLAP, Data Mining and Real Application Testing options
2017-01-20 16:52:49,137  INFO[main](PoolStatistics.java:24)-数据库连接数:0
2017-01-22 11:21:51,727 DEBUG[main](DBPool.java:68)-jdbc.poolPreparedStatements:false
2017-01-22 11:21:51,744 DEBUG[main](DBPool.java:68)-jdbc.maxActive:2
2017-01-22 11:21:51,744 DEBUG[main](DBPool.java:68)-jdbc.datasource:com.alibaba.druid.pool.DruidDataSource
2017-01-22 11:21:51,746 DEBUG[main](DBPool.java:68)-jdbc.url:jdbc:oracle:thin:@10.0.42.205:1521:orcl
2017-01-22 11:21:51,747 DEBUG[main](DBPool.java:68)-jdbc.minIdle:1
2017-01-22 11:21:51,747 DEBUG[main](DBPool.java:68)-jdbc.username:zmsjzx
2017-01-22 11:21:51,747 DEBUG[main](DBPool.java:68)-jdbc.driverClass:oracle.jdbc.driver.OracleDriver
2017-01-22 11:21:51,747 DEBUG[main](DBPool.java:68)-jdbc.initialSize:1
2017-01-22 11:21:51,747 DEBUG[main](DBPool.java:68)-jdbc.maxWait:60000
2017-01-22 11:21:51,747 DEBUG[main](DBPool.java:68)-jdbc.testWhileIdle:true
2017-01-22 11:21:51,748 DEBUG[main](DBPool.java:68)-jdbc.filters:stat,slf4j
2017-01-22 11:21:51,748 DEBUG[main](DBPool.java:68)-jdbc.validationQuery:select 1 from dual
2017-01-22 11:21:51,748 DEBUG[main](DBPool.java:68)-jdbc.testOnBorrow:false
2017-01-22 11:21:51,748 DEBUG[main](DBPool.java:68)-jdbc.maxPoolPreparedStatementPerConnectionSize:-1
2017-01-22 11:21:51,748 DEBUG[main](DBPool.java:68)-jdbc.testOnReturn:false
2017-01-22 11:21:51,749 DEBUG[main](DBPool.java:68)-jdbc.defaultAutoCommit:false
2017-01-22 11:21:51,750 DEBUG[main](DBPool.java:68)-jdbc.minEvictableIdleTimeMillis:300000
2017-01-22 11:21:51,750 DEBUG[main](DBPool.java:68)-jdbc.timeBetweenEvictionRunsMillis:60000
2017-01-22 11:21:51,751 DEBUG[main](DBPool.java:68)-jdbc.dbType:oracle
2017-01-22 11:21:51,776  INFO[main](DBPool.java:93)-Using DataSource : com.alibaba.druid.pool.DruidDataSource
2017-01-22 11:21:52,674  INFO[main](DBPool.java:100)-Connected to Oracle Oracle Database 11g Enterprise Edition Release 11.2.0.1.0 - 64bit Production
With the Partitioning, OLAP, Data Mining and Real Application Testing options
2017-01-22 11:21:52,675  INFO[main](PoolStatistics.java:24)-数据库连接数:0
2017-01-23 16:02:28,442 DEBUG[main](DBPool.java:68)-jdbc.poolPreparedStatements:false
2017-01-23 16:02:28,452 DEBUG[main](DBPool.java:68)-jdbc.maxActive:2
2017-01-23 16:02:28,452 DEBUG[main](DBPool.java:68)-jdbc.datasource:com.alibaba.druid.pool.DruidDataSource
2017-01-23 16:02:28,454 DEBUG[main](DBPool.java:68)-jdbc.url:jdbc:oracle:thin:@10.0.42.205:1521:orcl
2017-01-23 16:02:28,454 DEBUG[main](DBPool.java:68)-jdbc.minIdle:1
2017-01-23 16:02:28,454 DEBUG[main](DBPool.java:68)-jdbc.username:zmsjzx
2017-01-23 16:02:28,455 DEBUG[main](DBPool.java:68)-jdbc.driverClass:oracle.jdbc.driver.OracleDriver
2017-01-23 16:02:28,455 DEBUG[main](DBPool.java:68)-jdbc.initialSize:1
2017-01-23 16:02:28,455 DEBUG[main](DBPool.java:68)-jdbc.maxWait:60000
2017-01-23 16:02:28,455 DEBUG[main](DBPool.java:68)-jdbc.testWhileIdle:true
2017-01-23 16:02:28,455 DEBUG[main](DBPool.java:68)-jdbc.filters:stat,slf4j
2017-01-23 16:02:28,455 DEBUG[main](DBPool.java:68)-jdbc.validationQuery:select 1 from dual
2017-01-23 16:02:28,456 DEBUG[main](DBPool.java:68)-jdbc.testOnBorrow:false
2017-01-23 16:02:28,456 DEBUG[main](DBPool.java:68)-jdbc.maxPoolPreparedStatementPerConnectionSize:-1
2017-01-23 16:02:28,456 DEBUG[main](DBPool.java:68)-jdbc.testOnReturn:false
2017-01-23 16:02:28,456 DEBUG[main](DBPool.java:68)-jdbc.defaultAutoCommit:false
2017-01-23 16:02:28,458 DEBUG[main](DBPool.java:68)-jdbc.minEvictableIdleTimeMillis:300000
2017-01-23 16:02:28,458 DEBUG[main](DBPool.java:68)-jdbc.timeBetweenEvictionRunsMillis:60000
2017-01-23 16:02:28,458 DEBUG[main](DBPool.java:68)-jdbc.dbType:oracle
2017-01-23 16:02:28,508  INFO[main](DBPool.java:93)-Using DataSource : com.alibaba.druid.pool.DruidDataSource
2017-01-23 16:02:29,738  INFO[main](DBPool.java:100)-Connected to Oracle Oracle Database 11g Enterprise Edition Release 11.2.0.1.0 - 64bit Production
With the Partitioning, OLAP, Data Mining and Real Application Testing options
2017-01-23 16:02:29,738  INFO[main](PoolStatistics.java:24)-数据库连接数:0
2017-02-09 10:16:49,438 DEBUG[main](DBPool.java:68)-jdbc.poolPreparedStatements:false
2017-02-09 10:16:49,456 DEBUG[main](DBPool.java:68)-jdbc.maxActive:2
2017-02-09 10:16:49,457 DEBUG[main](DBPool.java:68)-jdbc.datasource:com.alibaba.druid.pool.DruidDataSource
2017-02-09 10:16:49,463 DEBUG[main](DBPool.java:68)-jdbc.url:jdbc:oracle:thin:@10.0.42.205:1521:orcl
2017-02-09 10:16:49,464 DEBUG[main](DBPool.java:68)-jdbc.minIdle:1
2017-02-09 10:16:49,464 DEBUG[main](DBPool.java:68)-jdbc.username:zmsjzx
2017-02-09 10:16:49,464 DEBUG[main](DBPool.java:68)-jdbc.driverClass:oracle.jdbc.driver.OracleDriver
2017-02-09 10:16:49,465 DEBUG[main](DBPool.java:68)-jdbc.initialSize:1
2017-02-09 10:16:49,465 DEBUG[main](DBPool.java:68)-jdbc.maxWait:60000
2017-02-09 10:16:49,465 DEBUG[main](DBPool.java:68)-jdbc.testWhileIdle:true
2017-02-09 10:16:49,466 DEBUG[main](DBPool.java:68)-jdbc.filters:stat,slf4j
2017-02-09 10:16:49,466 DEBUG[main](DBPool.java:68)-jdbc.validationQuery:select 1 from dual
2017-02-09 10:16:49,466 DEBUG[main](DBPool.java:68)-jdbc.testOnBorrow:false
2017-02-09 10:16:49,467 DEBUG[main](DBPool.java:68)-jdbc.maxPoolPreparedStatementPerConnectionSize:-1
2017-02-09 10:16:49,467 DEBUG[main](DBPool.java:68)-jdbc.testOnReturn:false
2017-02-09 10:16:49,468 DEBUG[main](DBPool.java:68)-jdbc.defaultAutoCommit:false
2017-02-09 10:16:49,475 DEBUG[main](DBPool.java:68)-jdbc.minEvictableIdleTimeMillis:300000
2017-02-09 10:16:49,476 DEBUG[main](DBPool.java:68)-jdbc.timeBetweenEvictionRunsMillis:60000
2017-02-09 10:16:49,476 DEBUG[main](DBPool.java:68)-jdbc.dbType:oracle
2017-02-09 10:16:49,501  INFO[main](DBPool.java:93)-Using DataSource : com.alibaba.druid.pool.DruidDataSource
2017-02-09 10:16:50,358  INFO[main](DBPool.java:100)-Connected to Oracle Oracle Database 11g Enterprise Edition Release 11.2.0.1.0 - 64bit Production
With the Partitioning, OLAP, Data Mining and Real Application Testing options
2017-02-09 10:16:50,359  INFO[main](PoolStatistics.java:24)-数据库连接数:0
2017-02-09 10:49:55,493 DEBUG[main](DBPool.java:68)-jdbc.poolPreparedStatements:false
2017-02-09 10:49:55,495 DEBUG[main](DBPool.java:68)-jdbc.maxActive:2
2017-02-09 10:49:55,495 DEBUG[main](DBPool.java:68)-jdbc.datasource:com.alibaba.druid.pool.DruidDataSource
2017-02-09 10:49:55,498 DEBUG[main](DBPool.java:68)-jdbc.url:jdbc:oracle:thin:@10.0.42.205:1521:orcl
2017-02-09 10:49:55,498 DEBUG[main](DBPool.java:68)-jdbc.minIdle:1
2017-02-09 10:49:55,498 DEBUG[main](DBPool.java:68)-jdbc.username:zmsjzx
2017-02-09 10:49:55,498 DEBUG[main](DBPool.java:68)-jdbc.driverClass:oracle.jdbc.driver.OracleDriver
2017-02-09 10:49:55,498 DEBUG[main](DBPool.java:68)-jdbc.initialSize:1
2017-02-09 10:49:55,499 DEBUG[main](DBPool.java:68)-jdbc.maxWait:60000
2017-02-09 10:49:55,499 DEBUG[main](DBPool.java:68)-jdbc.testWhileIdle:true
2017-02-09 10:49:55,499 DEBUG[main](DBPool.java:68)-jdbc.filters:stat,slf4j
2017-02-09 10:49:55,499 DEBUG[main](DBPool.java:68)-jdbc.validationQuery:select 1 from dual
2017-02-09 10:49:55,499 DEBUG[main](DBPool.java:68)-jdbc.testOnBorrow:false
2017-02-09 10:49:55,499 DEBUG[main](DBPool.java:68)-jdbc.maxPoolPreparedStatementPerConnectionSize:-1
2017-02-09 10:49:55,499 DEBUG[main](DBPool.java:68)-jdbc.testOnReturn:false
2017-02-09 10:49:55,500 DEBUG[main](DBPool.java:68)-jdbc.defaultAutoCommit:false
2017-02-09 10:49:55,501 DEBUG[main](DBPool.java:68)-jdbc.minEvictableIdleTimeMillis:300000
2017-02-09 10:49:55,501 DEBUG[main](DBPool.java:68)-jdbc.timeBetweenEvictionRunsMillis:60000
2017-02-09 10:49:55,501 DEBUG[main](DBPool.java:68)-jdbc.dbType:oracle
2017-02-09 10:49:55,523  INFO[main](DBPool.java:93)-Using DataSource : com.alibaba.druid.pool.DruidDataSource
2017-02-09 10:49:56,268  INFO[main](DBPool.java:100)-Connected to Oracle Oracle Database 11g Enterprise Edition Release 11.2.0.1.0 - 64bit Production
With the Partitioning, OLAP, Data Mining and Real Application Testing options
2017-02-09 10:49:56,268  INFO[main](PoolStatistics.java:24)-数据库连接数:0
2017-02-09 15:41:44,266 DEBUG[main](DBPool.java:68)-jdbc.poolPreparedStatements:false
2017-02-09 15:41:44,266 DEBUG[main](DBPool.java:68)-jdbc.maxActive:2
2017-02-09 15:41:44,266 DEBUG[main](DBPool.java:68)-jdbc.datasource:com.alibaba.druid.pool.DruidDataSource
2017-02-09 15:41:44,281 DEBUG[main](DBPool.java:68)-jdbc.url:jdbc:oracle:thin:@10.0.42.205:1521:orcl
2017-02-09 15:41:44,281 DEBUG[main](DBPool.java:68)-jdbc.minIdle:1
2017-02-09 15:41:44,281 DEBUG[main](DBPool.java:68)-jdbc.username:zmsjzx
2017-02-09 15:41:44,281 DEBUG[main](DBPool.java:68)-jdbc.driverClass:oracle.jdbc.driver.OracleDriver
2017-02-09 15:41:44,281 DEBUG[main](DBPool.java:68)-jdbc.initialSize:1
2017-02-09 15:41:44,281 DEBUG[main](DBPool.java:68)-jdbc.maxWait:60000
2017-02-09 15:41:44,281 DEBUG[main](DBPool.java:68)-jdbc.testWhileIdle:true
2017-02-09 15:41:44,281 DEBUG[main](DBPool.java:68)-jdbc.filters:stat,slf4j
2017-02-09 15:41:44,281 DEBUG[main](DBPool.java:68)-jdbc.validationQuery:select 1 from dual
2017-02-09 15:41:44,281 DEBUG[main](DBPool.java:68)-jdbc.testOnBorrow:false
2017-02-09 15:41:44,281 DEBUG[main](DBPool.java:68)-jdbc.maxPoolPreparedStatementPerConnectionSize:-1
2017-02-09 15:41:44,281 DEBUG[main](DBPool.java:68)-jdbc.testOnReturn:false
2017-02-09 15:41:44,281 DEBUG[main](DBPool.java:68)-jdbc.defaultAutoCommit:false
2017-02-09 15:41:44,281 DEBUG[main](DBPool.java:68)-jdbc.minEvictableIdleTimeMillis:300000
2017-02-09 15:41:44,281 DEBUG[main](DBPool.java:68)-jdbc.timeBetweenEvictionRunsMillis:60000
2017-02-09 15:41:44,281 DEBUG[main](DBPool.java:68)-jdbc.dbType:oracle
2017-02-09 15:41:44,313  INFO[main](DBPool.java:93)-Using DataSource : com.alibaba.druid.pool.DruidDataSource
2017-02-09 15:41:45,342  INFO[main](DBPool.java:100)-Connected to Oracle Oracle Database 11g Enterprise Edition Release 11.2.0.1.0 - 64bit Production
With the Partitioning, OLAP, Data Mining and Real Application Testing options
2017-02-09 15:41:45,353  INFO[main](PoolStatistics.java:24)-数据库连接数:0
2017-02-10 14:10:17,963 DEBUG[main](DBPool.java:68)-jdbc.poolPreparedStatements:false
2017-02-10 14:10:17,984 DEBUG[main](DBPool.java:68)-jdbc.maxActive:2
2017-02-10 14:10:17,985 DEBUG[main](DBPool.java:68)-jdbc.datasource:com.alibaba.druid.pool.DruidDataSource
2017-02-10 14:10:17,986 DEBUG[main](DBPool.java:68)-jdbc.url:jdbc:oracle:thin:@10.0.42.205:1521:orcl
2017-02-10 14:10:17,986 DEBUG[main](DBPool.java:68)-jdbc.minIdle:1
2017-02-10 14:10:17,987 DEBUG[main](DBPool.java:68)-jdbc.username:zmsjzx
2017-02-10 14:10:17,987 DEBUG[main](DBPool.java:68)-jdbc.driverClass:oracle.jdbc.driver.OracleDriver
2017-02-10 14:10:17,987 DEBUG[main](DBPool.java:68)-jdbc.initialSize:1
2017-02-10 14:10:17,987 DEBUG[main](DBPool.java:68)-jdbc.maxWait:60000
2017-02-10 14:10:17,987 DEBUG[main](DBPool.java:68)-jdbc.testWhileIdle:true
2017-02-10 14:10:17,987 DEBUG[main](DBPool.java:68)-jdbc.filters:stat,slf4j
2017-02-10 14:10:17,987 DEBUG[main](DBPool.java:68)-jdbc.validationQuery:select 1 from dual
2017-02-10 14:10:17,988 DEBUG[main](DBPool.java:68)-jdbc.testOnBorrow:false
2017-02-10 14:10:17,988 DEBUG[main](DBPool.java:68)-jdbc.maxPoolPreparedStatementPerConnectionSize:-1
2017-02-10 14:10:17,988 DEBUG[main](DBPool.java:68)-jdbc.testOnReturn:false
2017-02-10 14:10:17,988 DEBUG[main](DBPool.java:68)-jdbc.defaultAutoCommit:false
2017-02-10 14:10:17,989 DEBUG[main](DBPool.java:68)-jdbc.minEvictableIdleTimeMillis:300000
2017-02-10 14:10:17,990 DEBUG[main](DBPool.java:68)-jdbc.timeBetweenEvictionRunsMillis:60000
2017-02-10 14:10:17,990 DEBUG[main](DBPool.java:68)-jdbc.dbType:oracle
2017-02-10 14:10:18,007  INFO[main](DBPool.java:93)-Using DataSource : com.alibaba.druid.pool.DruidDataSource
2017-02-10 14:10:18,842  INFO[main](DBPool.java:100)-Connected to Oracle Oracle Database 11g Enterprise Edition Release 11.2.0.1.0 - 64bit Production
With the Partitioning, OLAP, Data Mining and Real Application Testing options
2017-02-10 14:10:18,843  INFO[main](PoolStatistics.java:24)-数据库连接数:0
2017-02-15 17:08:02,230 DEBUG[main](DBPool.java:68)-jdbc.poolPreparedStatements:false
2017-02-15 17:08:02,244 DEBUG[main](DBPool.java:68)-jdbc.maxActive:2
2017-02-15 17:08:02,244 DEBUG[main](DBPool.java:68)-jdbc.datasource:com.alibaba.druid.pool.DruidDataSource
2017-02-15 17:08:02,246 DEBUG[main](DBPool.java:68)-jdbc.url:jdbc:oracle:thin:@10.0.42.205:1521:orcl
2017-02-15 17:08:02,246 DEBUG[main](DBPool.java:68)-jdbc.minIdle:1
2017-02-15 17:08:02,247 DEBUG[main](DBPool.java:68)-jdbc.username:zmsjzx
2017-02-15 17:08:02,247 DEBUG[main](DBPool.java:68)-jdbc.driverClass:oracle.jdbc.driver.OracleDriver
2017-02-15 17:08:02,247 DEBUG[main](DBPool.java:68)-jdbc.initialSize:1
2017-02-15 17:08:02,247 DEBUG[main](DBPool.java:68)-jdbc.maxWait:60000
2017-02-15 17:08:02,247 DEBUG[main](DBPool.java:68)-jdbc.testWhileIdle:true
2017-02-15 17:08:02,247 DEBUG[main](DBPool.java:68)-jdbc.filters:stat,slf4j
2017-02-15 17:08:02,248 DEBUG[main](DBPool.java:68)-jdbc.validationQuery:select 1 from dual
2017-02-15 17:08:02,248 DEBUG[main](DBPool.java:68)-jdbc.testOnBorrow:false
2017-02-15 17:08:02,248 DEBUG[main](DBPool.java:68)-jdbc.maxPoolPreparedStatementPerConnectionSize:-1
2017-02-15 17:08:02,248 DEBUG[main](DBPool.java:68)-jdbc.testOnReturn:false
2017-02-15 17:08:02,248 DEBUG[main](DBPool.java:68)-jdbc.defaultAutoCommit:false
2017-02-15 17:08:02,250 DEBUG[main](DBPool.java:68)-jdbc.minEvictableIdleTimeMillis:300000
2017-02-15 17:08:02,250 DEBUG[main](DBPool.java:68)-jdbc.timeBetweenEvictionRunsMillis:60000
2017-02-15 17:08:02,250 DEBUG[main](DBPool.java:68)-jdbc.dbType:oracle
2017-02-15 17:08:02,278  INFO[main](DBPool.java:93)-Using DataSource : com.alibaba.druid.pool.DruidDataSource
2017-02-15 17:08:03,242  INFO[main](DBPool.java:100)-Connected to Oracle Oracle Database 11g Enterprise Edition Release 11.2.0.1.0 - 64bit Production
With the Partitioning, OLAP, Data Mining and Real Application Testing options
2017-02-15 17:08:03,243  INFO[main](PoolStatistics.java:24)-数据库连接数:0
2017-02-17 14:06:52,748 DEBUG[main](DBPool.java:68)-jdbc.poolPreparedStatements:false
2017-02-17 14:06:52,750 DEBUG[main](DBPool.java:68)-jdbc.maxActive:2
2017-02-17 14:06:52,750 DEBUG[main](DBPool.java:68)-jdbc.datasource:com.alibaba.druid.pool.DruidDataSource
2017-02-17 14:06:52,752 DEBUG[main](DBPool.java:68)-jdbc.url:jdbc:oracle:thin:@10.0.42.205:1521:orcl
2017-02-17 14:06:52,752 DEBUG[main](DBPool.java:68)-jdbc.minIdle:1
2017-02-17 14:06:52,752 DEBUG[main](DBPool.java:68)-jdbc.username:zmsjzx
2017-02-17 14:06:52,752 DEBUG[main](DBPool.java:68)-jdbc.driverClass:oracle.jdbc.driver.OracleDriver
2017-02-17 14:06:52,753 DEBUG[main](DBPool.java:68)-jdbc.initialSize:1
2017-02-17 14:06:52,753 DEBUG[main](DBPool.java:68)-jdbc.maxWait:60000
2017-02-17 14:06:52,753 DEBUG[main](DBPool.java:68)-jdbc.testWhileIdle:true
2017-02-17 14:06:52,753 DEBUG[main](DBPool.java:68)-jdbc.filters:stat,slf4j
2017-02-17 14:06:52,753 DEBUG[main](DBPool.java:68)-jdbc.validationQuery:select 1 from dual
2017-02-17 14:06:52,754 DEBUG[main](DBPool.java:68)-jdbc.testOnBorrow:false
2017-02-17 14:06:52,754 DEBUG[main](DBPool.java:68)-jdbc.maxPoolPreparedStatementPerConnectionSize:-1
2017-02-17 14:06:52,754 DEBUG[main](DBPool.java:68)-jdbc.testOnReturn:false
2017-02-17 14:06:52,754 DEBUG[main](DBPool.java:68)-jdbc.defaultAutoCommit:false
2017-02-17 14:06:52,757 DEBUG[main](DBPool.java:68)-jdbc.minEvictableIdleTimeMillis:300000
2017-02-17 14:06:52,757 DEBUG[main](DBPool.java:68)-jdbc.timeBetweenEvictionRunsMillis:60000
2017-02-17 14:06:52,757 DEBUG[main](DBPool.java:68)-jdbc.dbType:oracle
2017-02-17 14:06:52,777  INFO[main](DBPool.java:93)-Using DataSource : com.alibaba.druid.pool.DruidDataSource
2017-02-17 14:06:53,631  INFO[main](DBPool.java:100)-Connected to Oracle Oracle Database 11g Enterprise Edition Release 11.2.0.1.0 - 64bit Production
With the Partitioning, OLAP, Data Mining and Real Application Testing options
2017-02-17 14:06:53,631  INFO[main](PoolStatistics.java:24)-数据库连接数:0
2017-02-17 15:18:32,016 DEBUG[main](DBPool.java:68)-jdbc.poolPreparedStatements:false
2017-02-17 15:18:32,018 DEBUG[main](DBPool.java:68)-jdbc.maxActive:2
2017-02-17 15:18:32,018 DEBUG[main](DBPool.java:68)-jdbc.datasource:com.alibaba.druid.pool.DruidDataSource
2017-02-17 15:18:32,021 DEBUG[main](DBPool.java:68)-jdbc.url:jdbc:oracle:thin:@10.0.42.205:1521:orcl
2017-02-17 15:18:32,021 DEBUG[main](DBPool.java:68)-jdbc.minIdle:1
2017-02-17 15:18:32,021 DEBUG[main](DBPool.java:68)-jdbc.username:zmsjzx
2017-02-17 15:18:32,021 DEBUG[main](DBPool.java:68)-jdbc.driverClass:oracle.jdbc.driver.OracleDriver
2017-02-17 15:18:32,022 DEBUG[main](DBPool.java:68)-jdbc.initialSize:1
2017-02-17 15:18:32,022 DEBUG[main](DBPool.java:68)-jdbc.maxWait:60000
2017-02-17 15:18:32,022 DEBUG[main](DBPool.java:68)-jdbc.testWhileIdle:true
2017-02-17 15:18:32,022 DEBUG[main](DBPool.java:68)-jdbc.filters:stat,slf4j
2017-02-17 15:18:32,022 DEBUG[main](DBPool.java:68)-jdbc.validationQuery:select 1 from dual
2017-02-17 15:18:32,022 DEBUG[main](DBPool.java:68)-jdbc.testOnBorrow:false
2017-02-17 15:18:32,023 DEBUG[main](DBPool.java:68)-jdbc.maxPoolPreparedStatementPerConnectionSize:-1
2017-02-17 15:18:32,023 DEBUG[main](DBPool.java:68)-jdbc.testOnReturn:false
2017-02-17 15:18:32,023 DEBUG[main](DBPool.java:68)-jdbc.defaultAutoCommit:false
2017-02-17 15:18:32,025 DEBUG[main](DBPool.java:68)-jdbc.minEvictableIdleTimeMillis:300000
2017-02-17 15:18:32,025 DEBUG[main](DBPool.java:68)-jdbc.timeBetweenEvictionRunsMillis:60000
2017-02-17 15:18:32,025 DEBUG[main](DBPool.java:68)-jdbc.dbType:oracle
2017-02-17 15:18:32,043  INFO[main](DBPool.java:93)-Using DataSource : com.alibaba.druid.pool.DruidDataSource
2017-02-17 15:18:32,777  INFO[main](DBPool.java:100)-Connected to Oracle Oracle Database 11g Enterprise Edition Release 11.2.0.1.0 - 64bit Production
With the Partitioning, OLAP, Data Mining and Real Application Testing options
2017-02-17 15:18:32,778  INFO[main](PoolStatistics.java:24)-数据库连接数:0
2017-02-17 15:40:24,864 DEBUG[main](DBPool.java:68)-jdbc.poolPreparedStatements:false
2017-02-17 15:40:24,866 DEBUG[main](DBPool.java:68)-jdbc.maxActive:2
2017-02-17 15:40:24,866 DEBUG[main](DBPool.java:68)-jdbc.datasource:com.alibaba.druid.pool.DruidDataSource
2017-02-17 15:40:24,868 DEBUG[main](DBPool.java:68)-jdbc.url:jdbc:oracle:thin:@10.0.42.205:1521:orcl
2017-02-17 15:40:24,868 DEBUG[main](DBPool.java:68)-jdbc.minIdle:1
2017-02-17 15:40:24,868 DEBUG[main](DBPool.java:68)-jdbc.username:zmsjzx
2017-02-17 15:40:24,868 DEBUG[main](DBPool.java:68)-jdbc.driverClass:oracle.jdbc.driver.OracleDriver
2017-02-17 15:40:24,868 DEBUG[main](DBPool.java:68)-jdbc.initialSize:1
2017-02-17 15:40:24,868 DEBUG[main](DBPool.java:68)-jdbc.maxWait:60000
2017-02-17 15:40:24,869 DEBUG[main](DBPool.java:68)-jdbc.testWhileIdle:true
2017-02-17 15:40:24,869 DEBUG[main](DBPool.java:68)-jdbc.filters:stat,slf4j
2017-02-17 15:40:24,869 DEBUG[main](DBPool.java:68)-jdbc.validationQuery:select 1 from dual
2017-02-17 15:40:24,869 DEBUG[main](DBPool.java:68)-jdbc.testOnBorrow:false
2017-02-17 15:40:24,869 DEBUG[main](DBPool.java:68)-jdbc.maxPoolPreparedStatementPerConnectionSize:-1
2017-02-17 15:40:24,869 DEBUG[main](DBPool.java:68)-jdbc.testOnReturn:false
2017-02-17 15:40:24,869 DEBUG[main](DBPool.java:68)-jdbc.defaultAutoCommit:false
2017-02-17 15:40:24,871 DEBUG[main](DBPool.java:68)-jdbc.minEvictableIdleTimeMillis:300000
2017-02-17 15:40:24,871 DEBUG[main](DBPool.java:68)-jdbc.timeBetweenEvictionRunsMillis:60000
2017-02-17 15:40:24,871 DEBUG[main](DBPool.java:68)-jdbc.dbType:oracle
2017-02-17 15:40:24,889  INFO[main](DBPool.java:93)-Using DataSource : com.alibaba.druid.pool.DruidDataSource
2017-02-17 15:40:25,672  INFO[main](DBPool.java:100)-Connected to Oracle Oracle Database 11g Enterprise Edition Release 11.2.0.1.0 - 64bit Production
With the Partitioning, OLAP, Data Mining and Real Application Testing options
2017-02-17 15:40:25,673  INFO[main](PoolStatistics.java:24)-数据库连接数:0
2017-02-21 08:19:48,077 DEBUG[main](DBPool.java:68)-jdbc.poolPreparedStatements:false
2017-02-21 08:19:48,080 DEBUG[main](DBPool.java:68)-jdbc.maxActive:2
2017-02-21 08:19:48,080 DEBUG[main](DBPool.java:68)-jdbc.datasource:com.alibaba.druid.pool.DruidDataSource
2017-02-21 08:19:48,083 DEBUG[main](DBPool.java:68)-jdbc.url:jdbc:oracle:thin:@10.0.42.205:1521:orcl
2017-02-21 08:19:48,084 DEBUG[main](DBPool.java:68)-jdbc.minIdle:1
2017-02-21 08:19:48,084 DEBUG[main](DBPool.java:68)-jdbc.username:zmsjzx
2017-02-21 08:19:48,084 DEBUG[main](DBPool.java:68)-jdbc.driverClass:oracle.jdbc.driver.OracleDriver
2017-02-21 08:19:48,084 DEBUG[main](DBPool.java:68)-jdbc.initialSize:1
2017-02-21 08:19:48,084 DEBUG[main](DBPool.java:68)-jdbc.maxWait:60000
2017-02-21 08:19:48,084 DEBUG[main](DBPool.java:68)-jdbc.testWhileIdle:true
2017-02-21 08:19:48,084 DEBUG[main](DBPool.java:68)-jdbc.filters:stat,slf4j
2017-02-21 08:19:48,085 DEBUG[main](DBPool.java:68)-jdbc.validationQuery:select 1 from dual
2017-02-21 08:19:48,085 DEBUG[main](DBPool.java:68)-jdbc.testOnBorrow:false
2017-02-21 08:19:48,085 DEBUG[main](DBPool.java:68)-jdbc.maxPoolPreparedStatementPerConnectionSize:-1
2017-02-21 08:19:48,085 DEBUG[main](DBPool.java:68)-jdbc.testOnReturn:false
2017-02-21 08:19:48,086 DEBUG[main](DBPool.java:68)-jdbc.defaultAutoCommit:false
2017-02-21 08:19:48,089 DEBUG[main](DBPool.java:68)-jdbc.minEvictableIdleTimeMillis:300000
2017-02-21 08:19:48,089 DEBUG[main](DBPool.java:68)-jdbc.timeBetweenEvictionRunsMillis:60000
2017-02-21 08:19:48,089 DEBUG[main](DBPool.java:68)-jdbc.dbType:oracle
2017-02-21 08:19:48,184  INFO[main](DBPool.java:93)-Using DataSource : com.alibaba.druid.pool.DruidDataSource
2017-02-21 08:19:49,496  INFO[main](DBPool.java:100)-Connected to Oracle Oracle Database 11g Enterprise Edition Release 11.2.0.1.0 - 64bit Production
With the Partitioning, OLAP, Data Mining and Real Application Testing options
2017-02-21 08:19:49,496  INFO[main](PoolStatistics.java:24)-数据库连接数:0
2017-02-21 10:06:05,125 DEBUG[main](DBPool.java:68)-jdbc.poolPreparedStatements:false
2017-02-21 10:06:05,127 DEBUG[main](DBPool.java:68)-jdbc.maxActive:2
2017-02-21 10:06:05,128 DEBUG[main](DBPool.java:68)-jdbc.datasource:com.alibaba.druid.pool.DruidDataSource
2017-02-21 10:06:05,130 DEBUG[main](DBPool.java:68)-jdbc.url:jdbc:oracle:thin:@10.0.42.205:1521:orcl
2017-02-21 10:06:05,130 DEBUG[main](DBPool.java:68)-jdbc.minIdle:1
2017-02-21 10:06:05,130 DEBUG[main](DBPool.java:68)-jdbc.username:zmsjzx
2017-02-21 10:06:05,130 DEBUG[main](DBPool.java:68)-jdbc.driverClass:oracle.jdbc.driver.OracleDriver
2017-02-21 10:06:05,131 DEBUG[main](DBPool.java:68)-jdbc.initialSize:1
2017-02-21 10:06:05,131 DEBUG[main](DBPool.java:68)-jdbc.maxWait:60000
2017-02-21 10:06:05,131 DEBUG[main](DBPool.java:68)-jdbc.testWhileIdle:true
2017-02-21 10:06:05,131 DEBUG[main](DBPool.java:68)-jdbc.filters:stat,slf4j
2017-02-21 10:06:05,131 DEBUG[main](DBPool.java:68)-jdbc.validationQuery:select 1 from dual
2017-02-21 10:06:05,131 DEBUG[main](DBPool.java:68)-jdbc.testOnBorrow:false
2017-02-21 10:06:05,132 DEBUG[main](DBPool.java:68)-jdbc.maxPoolPreparedStatementPerConnectionSize:-1
2017-02-21 10:06:05,132 DEBUG[main](DBPool.java:68)-jdbc.testOnReturn:false
2017-02-21 10:06:05,132 DEBUG[main](DBPool.java:68)-jdbc.defaultAutoCommit:false
2017-02-21 10:06:05,134 DEBUG[main](DBPool.java:68)-jdbc.minEvictableIdleTimeMillis:300000
2017-02-21 10:06:05,134 DEBUG[main](DBPool.java:68)-jdbc.timeBetweenEvictionRunsMillis:60000
2017-02-21 10:06:05,134 DEBUG[main](DBPool.java:68)-jdbc.dbType:oracle
2017-02-21 10:06:05,154  INFO[main](DBPool.java:93)-Using DataSource : com.alibaba.druid.pool.DruidDataSource
2017-02-21 10:06:05,977  INFO[main](DBPool.java:100)-Connected to Oracle Oracle Database 11g Enterprise Edition Release 11.2.0.1.0 - 64bit Production
With the Partitioning, OLAP, Data Mining and Real Application Testing options
2017-02-21 10:06:05,977  INFO[main](PoolStatistics.java:24)-数据库连接数:0
2017-02-21 10:07:33,733 DEBUG[main](DBPool.java:68)-jdbc.poolPreparedStatements:false
2017-02-21 10:07:33,735 DEBUG[main](DBPool.java:68)-jdbc.maxActive:2
2017-02-21 10:07:33,735 DEBUG[main](DBPool.java:68)-jdbc.datasource:com.alibaba.druid.pool.DruidDataSource
2017-02-21 10:07:33,737 DEBUG[main](DBPool.java:68)-jdbc.url:jdbc:oracle:thin:@10.0.42.205:1521:orcl
2017-02-21 10:07:33,737 DEBUG[main](DBPool.java:68)-jdbc.minIdle:1
2017-02-21 10:07:33,737 DEBUG[main](DBPool.java:68)-jdbc.username:zmsjzx
2017-02-21 10:07:33,737 DEBUG[main](DBPool.java:68)-jdbc.driverClass:oracle.jdbc.driver.OracleDriver
2017-02-21 10:07:33,737 DEBUG[main](DBPool.java:68)-jdbc.initialSize:1
2017-02-21 10:07:33,737 DEBUG[main](DBPool.java:68)-jdbc.maxWait:60000
2017-02-21 10:07:33,738 DEBUG[main](DBPool.java:68)-jdbc.testWhileIdle:true
2017-02-21 10:07:33,738 DEBUG[main](DBPool.java:68)-jdbc.filters:stat,slf4j
2017-02-21 10:07:33,738 DEBUG[main](DBPool.java:68)-jdbc.validationQuery:select 1 from dual
2017-02-21 10:07:33,738 DEBUG[main](DBPool.java:68)-jdbc.testOnBorrow:false
2017-02-21 10:07:33,738 DEBUG[main](DBPool.java:68)-jdbc.maxPoolPreparedStatementPerConnectionSize:-1
2017-02-21 10:07:33,738 DEBUG[main](DBPool.java:68)-jdbc.testOnReturn:false
2017-02-21 10:07:33,739 DEBUG[main](DBPool.java:68)-jdbc.defaultAutoCommit:false
2017-02-21 10:07:33,740 DEBUG[main](DBPool.java:68)-jdbc.minEvictableIdleTimeMillis:300000
2017-02-21 10:07:33,740 DEBUG[main](DBPool.java:68)-jdbc.timeBetweenEvictionRunsMillis:60000
2017-02-21 10:07:33,741 DEBUG[main](DBPool.java:68)-jdbc.dbType:oracle
2017-02-21 10:07:33,760  INFO[main](DBPool.java:93)-Using DataSource : com.alibaba.druid.pool.DruidDataSource
2017-02-21 10:07:35,894  INFO[main](DBPool.java:100)-Connected to Oracle Oracle Database 11g Enterprise Edition Release 11.2.0.1.0 - 64bit Production
With the Partitioning, OLAP, Data Mining and Real Application Testing options
2017-02-21 10:07:35,895  INFO[main](PoolStatistics.java:24)-数据库连接数:0
2017-02-21 16:33:06,021 DEBUG[main](DBPool.java:68)-jdbc.poolPreparedStatements:false
2017-02-21 16:33:06,023 DEBUG[main](DBPool.java:68)-jdbc.maxActive:2
2017-02-21 16:33:06,024 DEBUG[main](DBPool.java:68)-jdbc.datasource:com.alibaba.druid.pool.DruidDataSource
2017-02-21 16:33:06,025 DEBUG[main](DBPool.java:68)-jdbc.url:jdbc:oracle:thin:@10.0.42.205:1521:orcl
2017-02-21 16:33:06,025 DEBUG[main](DBPool.java:68)-jdbc.minIdle:1
2017-02-21 16:33:06,025 DEBUG[main](DBPool.java:68)-jdbc.username:zmsjzx
2017-02-21 16:33:06,026 DEBUG[main](DBPool.java:68)-jdbc.driverClass:oracle.jdbc.driver.OracleDriver
2017-02-21 16:33:06,026 DEBUG[main](DBPool.java:68)-jdbc.initialSize:1
2017-02-21 16:33:06,026 DEBUG[main](DBPool.java:68)-jdbc.maxWait:60000
2017-02-21 16:33:06,026 DEBUG[main](DBPool.java:68)-jdbc.testWhileIdle:true
2017-02-21 16:33:06,026 DEBUG[main](DBPool.java:68)-jdbc.filters:stat,slf4j
2017-02-21 16:33:06,026 DEBUG[main](DBPool.java:68)-jdbc.validationQuery:select 1 from dual
2017-02-21 16:33:06,027 DEBUG[main](DBPool.java:68)-jdbc.testOnBorrow:false
2017-02-21 16:33:06,027 DEBUG[main](DBPool.java:68)-jdbc.maxPoolPreparedStatementPerConnectionSize:-1
2017-02-21 16:33:06,027 DEBUG[main](DBPool.java:68)-jdbc.testOnReturn:false
2017-02-21 16:33:06,027 DEBUG[main](DBPool.java:68)-jdbc.defaultAutoCommit:false
2017-02-21 16:33:06,029 DEBUG[main](DBPool.java:68)-jdbc.minEvictableIdleTimeMillis:300000
2017-02-21 16:33:06,029 DEBUG[main](DBPool.java:68)-jdbc.timeBetweenEvictionRunsMillis:60000
2017-02-21 16:33:06,029 DEBUG[main](DBPool.java:68)-jdbc.dbType:oracle
2017-02-21 16:33:06,050  INFO[main](DBPool.java:93)-Using DataSource : com.alibaba.druid.pool.DruidDataSource
2017-02-21 16:33:07,013  INFO[main](DBPool.java:100)-Connected to Oracle Oracle Database 11g Enterprise Edition Release 11.2.0.1.0 - 64bit Production
With the Partitioning, OLAP, Data Mining and Real Application Testing options
2017-02-21 16:33:07,014  INFO[main](PoolStatistics.java:24)-数据库连接数:0
2017-02-21 16:33:15,151 DEBUG[main](DBPool.java:68)-jdbc.poolPreparedStatements:false
2017-02-21 16:33:15,154 DEBUG[main](DBPool.java:68)-jdbc.maxActive:2
2017-02-21 16:33:15,154 DEBUG[main](DBPool.java:68)-jdbc.datasource:com.alibaba.druid.pool.DruidDataSource
2017-02-21 16:33:15,156 DEBUG[main](DBPool.java:68)-jdbc.url:jdbc:oracle:thin:@10.0.42.205:1521:orcl
2017-02-21 16:33:15,156 DEBUG[main](DBPool.java:68)-jdbc.minIdle:1
2017-02-21 16:33:15,157 DEBUG[main](DBPool.java:68)-jdbc.username:zmsjzx
2017-02-21 16:33:15,157 DEBUG[main](DBPool.java:68)-jdbc.driverClass:oracle.jdbc.driver.OracleDriver
2017-02-21 16:33:15,157 DEBUG[main](DBPool.java:68)-jdbc.initialSize:1
2017-02-21 16:33:15,157 DEBUG[main](DBPool.java:68)-jdbc.maxWait:60000
2017-02-21 16:33:15,157 DEBUG[main](DBPool.java:68)-jdbc.testWhileIdle:true
2017-02-21 16:33:15,157 DEBUG[main](DBPool.java:68)-jdbc.filters:stat,slf4j
2017-02-21 16:33:15,157 DEBUG[main](DBPool.java:68)-jdbc.validationQuery:select 1 from dual
2017-02-21 16:33:15,158 DEBUG[main](DBPool.java:68)-jdbc.testOnBorrow:false
2017-02-21 16:33:15,158 DEBUG[main](DBPool.java:68)-jdbc.maxPoolPreparedStatementPerConnectionSize:-1
2017-02-21 16:33:15,158 DEBUG[main](DBPool.java:68)-jdbc.testOnReturn:false
2017-02-21 16:33:15,158 DEBUG[main](DBPool.java:68)-jdbc.defaultAutoCommit:false
2017-02-21 16:33:15,161 DEBUG[main](DBPool.java:68)-jdbc.minEvictableIdleTimeMillis:300000
2017-02-21 16:33:15,161 DEBUG[main](DBPool.java:68)-jdbc.timeBetweenEvictionRunsMillis:60000
2017-02-21 16:33:15,161 DEBUG[main](DBPool.java:68)-jdbc.dbType:oracle
2017-02-21 16:33:15,180  INFO[main](DBPool.java:93)-Using DataSource : com.alibaba.druid.pool.DruidDataSource
2017-02-21 16:33:18,241  INFO[main](DBPool.java:100)-Connected to Oracle Oracle Database 11g Enterprise Edition Release 11.2.0.1.0 - 64bit Production
With the Partitioning, OLAP, Data Mining and Real Application Testing options
2017-02-21 16:33:18,242  INFO[main](PoolStatistics.java:24)-数据库连接数:0
2017-02-21 16:34:31,519 DEBUG[main](DBPool.java:68)-jdbc.poolPreparedStatements:false
2017-02-21 16:34:31,521 DEBUG[main](DBPool.java:68)-jdbc.maxActive:2
2017-02-21 16:34:31,521 DEBUG[main](DBPool.java:68)-jdbc.datasource:com.alibaba.druid.pool.DruidDataSource
2017-02-21 16:34:31,524 DEBUG[main](DBPool.java:68)-jdbc.url:jdbc:oracle:thin:@10.0.42.205:1521:orcl
2017-02-21 16:34:31,524 DEBUG[main](DBPool.java:68)-jdbc.minIdle:1
2017-02-21 16:34:31,525 DEBUG[main](DBPool.java:68)-jdbc.username:zmsjzx
2017-02-21 16:34:31,525 DEBUG[main](DBPool.java:68)-jdbc.driverClass:oracle.jdbc.driver.OracleDriver
2017-02-21 16:34:31,525 DEBUG[main](DBPool.java:68)-jdbc.initialSize:1
2017-02-21 16:34:31,525 DEBUG[main](DBPool.java:68)-jdbc.maxWait:60000
2017-02-21 16:34:31,525 DEBUG[main](DBPool.java:68)-jdbc.testWhileIdle:true
2017-02-21 16:34:31,525 DEBUG[main](DBPool.java:68)-jdbc.filters:stat,slf4j
2017-02-21 16:34:31,525 DEBUG[main](DBPool.java:68)-jdbc.validationQuery:select 1 from dual
2017-02-21 16:34:31,526 DEBUG[main](DBPool.java:68)-jdbc.testOnBorrow:false
2017-02-21 16:34:31,526 DEBUG[main](DBPool.java:68)-jdbc.maxPoolPreparedStatementPerConnectionSize:-1
2017-02-21 16:34:31,526 DEBUG[main](DBPool.java:68)-jdbc.testOnReturn:false
2017-02-21 16:34:31,526 DEBUG[main](DBPool.java:68)-jdbc.defaultAutoCommit:false
2017-02-21 16:34:31,528 DEBUG[main](DBPool.java:68)-jdbc.minEvictableIdleTimeMillis:300000
2017-02-21 16:34:31,529 DEBUG[main](DBPool.java:68)-jdbc.timeBetweenEvictionRunsMillis:60000
2017-02-21 16:34:31,529 DEBUG[main](DBPool.java:68)-jdbc.dbType:oracle
2017-02-21 16:34:31,550  INFO[main](DBPool.java:93)-Using DataSource : com.alibaba.druid.pool.DruidDataSource
2017-02-21 16:34:32,870  INFO[main](DBPool.java:100)-Connected to Oracle Oracle Database 11g Enterprise Edition Release 11.2.0.1.0 - 64bit Production
With the Partitioning, OLAP, Data Mining and Real Application Testing options
2017-02-21 16:34:32,870  INFO[main](PoolStatistics.java:24)-数据库连接数:0
2017-02-21 16:40:13,498 DEBUG[main](DBPool.java:68)-jdbc.poolPreparedStatements:false
2017-02-21 16:40:13,500 DEBUG[main](DBPool.java:68)-jdbc.maxActive:2
2017-02-21 16:40:13,500 DEBUG[main](DBPool.java:68)-jdbc.datasource:com.alibaba.druid.pool.DruidDataSource
2017-02-21 16:40:13,502 DEBUG[main](DBPool.java:68)-jdbc.url:jdbc:oracle:thin:@10.0.42.205:1521:orcl
2017-02-21 16:40:13,502 DEBUG[main](DBPool.java:68)-jdbc.minIdle:1
2017-02-21 16:40:13,502 DEBUG[main](DBPool.java:68)-jdbc.username:zmsjzx
2017-02-21 16:40:13,502 DEBUG[main](DBPool.java:68)-jdbc.driverClass:oracle.jdbc.driver.OracleDriver
2017-02-21 16:40:13,502 DEBUG[main](DBPool.java:68)-jdbc.initialSize:1
2017-02-21 16:40:13,503 DEBUG[main](DBPool.java:68)-jdbc.maxWait:60000
2017-02-21 16:40:13,503 DEBUG[main](DBPool.java:68)-jdbc.testWhileIdle:true
2017-02-21 16:40:13,503 DEBUG[main](DBPool.java:68)-jdbc.filters:stat,slf4j
2017-02-21 16:40:13,503 DEBUG[main](DBPool.java:68)-jdbc.validationQuery:select 1 from dual
2017-02-21 16:40:13,503 DEBUG[main](DBPool.java:68)-jdbc.testOnBorrow:false
2017-02-21 16:40:13,503 DEBUG[main](DBPool.java:68)-jdbc.maxPoolPreparedStatementPerConnectionSize:-1
2017-02-21 16:40:13,503 DEBUG[main](DBPool.java:68)-jdbc.testOnReturn:false
2017-02-21 16:40:13,504 DEBUG[main](DBPool.java:68)-jdbc.defaultAutoCommit:false
2017-02-21 16:40:13,505 DEBUG[main](DBPool.java:68)-jdbc.minEvictableIdleTimeMillis:300000
2017-02-21 16:40:13,506 DEBUG[main](DBPool.java:68)-jdbc.timeBetweenEvictionRunsMillis:60000
2017-02-21 16:40:13,506 DEBUG[main](DBPool.java:68)-jdbc.dbType:oracle
2017-02-21 16:40:13,526  INFO[main](DBPool.java:93)-Using DataSource : com.alibaba.druid.pool.DruidDataSource
2017-02-21 16:40:14,412  INFO[main](DBPool.java:100)-Connected to Oracle Oracle Database 11g Enterprise Edition Release 11.2.0.1.0 - 64bit Production
With the Partitioning, OLAP, Data Mining and Real Application Testing options
2017-02-21 16:40:14,413  INFO[main](PoolStatistics.java:24)-数据库连接数:0
2017-02-21 16:40:21,419 DEBUG[main](DBPool.java:68)-jdbc.poolPreparedStatements:false
2017-02-21 16:40:21,421 DEBUG[main](DBPool.java:68)-jdbc.maxActive:2
2017-02-21 16:40:21,421 DEBUG[main](DBPool.java:68)-jdbc.datasource:com.alibaba.druid.pool.DruidDataSource
2017-02-21 16:40:21,423 DEBUG[main](DBPool.java:68)-jdbc.url:jdbc:oracle:thin:@10.0.42.205:1521:orcl
2017-02-21 16:40:21,424 DEBUG[main](DBPool.java:68)-jdbc.minIdle:1
2017-02-21 16:40:21,424 DEBUG[main](DBPool.java:68)-jdbc.username:zmsjzx
2017-02-21 16:40:21,424 DEBUG[main](DBPool.java:68)-jdbc.driverClass:oracle.jdbc.driver.OracleDriver
2017-02-21 16:40:21,424 DEBUG[main](DBPool.java:68)-jdbc.initialSize:1
2017-02-21 16:40:21,424 DEBUG[main](DBPool.java:68)-jdbc.maxWait:60000
2017-02-21 16:40:21,424 DEBUG[main](DBPool.java:68)-jdbc.testWhileIdle:true
2017-02-21 16:40:21,424 DEBUG[main](DBPool.java:68)-jdbc.filters:stat,slf4j
2017-02-21 16:40:21,425 DEBUG[main](DBPool.java:68)-jdbc.validationQuery:select 1 from dual
2017-02-21 16:40:21,425 DEBUG[main](DBPool.java:68)-jdbc.testOnBorrow:false
2017-02-21 16:40:21,425 DEBUG[main](DBPool.java:68)-jdbc.maxPoolPreparedStatementPerConnectionSize:-1
2017-02-21 16:40:21,425 DEBUG[main](DBPool.java:68)-jdbc.testOnReturn:false
2017-02-21 16:40:21,425 DEBUG[main](DBPool.java:68)-jdbc.defaultAutoCommit:false
2017-02-21 16:40:21,428 DEBUG[main](DBPool.java:68)-jdbc.minEvictableIdleTimeMillis:300000
2017-02-21 16:40:21,428 DEBUG[main](DBPool.java:68)-jdbc.timeBetweenEvictionRunsMillis:60000
2017-02-21 16:40:21,428 DEBUG[main](DBPool.java:68)-jdbc.dbType:oracle
2017-02-21 16:40:21,448  INFO[main](DBPool.java:93)-Using DataSource : com.alibaba.druid.pool.DruidDataSource
2017-02-21 16:40:22,293  INFO[main](DBPool.java:100)-Connected to Oracle Oracle Database 11g Enterprise Edition Release 11.2.0.1.0 - 64bit Production
With the Partitioning, OLAP, Data Mining and Real Application Testing options
2017-02-21 16:40:22,294  INFO[main](PoolStatistics.java:24)-数据库连接数:0
2017-02-21 18:00:33,875 DEBUG[main](DBPool.java:68)-jdbc.poolPreparedStatements:false
2017-02-21 18:00:33,877 DEBUG[main](DBPool.java:68)-jdbc.maxActive:2
2017-02-21 18:00:33,877 DEBUG[main](DBPool.java:68)-jdbc.datasource:com.alibaba.druid.pool.DruidDataSource
2017-02-21 18:00:33,879 DEBUG[main](DBPool.java:68)-jdbc.url:jdbc:oracle:thin:@10.0.42.205:1521:orcl
2017-02-21 18:00:33,879 DEBUG[main](DBPool.java:68)-jdbc.minIdle:1
2017-02-21 18:00:33,880 DEBUG[main](DBPool.java:68)-jdbc.username:zmsjzx
2017-02-21 18:00:33,880 DEBUG[main](DBPool.java:68)-jdbc.driverClass:oracle.jdbc.driver.OracleDriver
2017-02-21 18:00:33,880 DEBUG[main](DBPool.java:68)-jdbc.initialSize:1
2017-02-21 18:00:33,880 DEBUG[main](DBPool.java:68)-jdbc.maxWait:60000
2017-02-21 18:00:33,880 DEBUG[main](DBPool.java:68)-jdbc.testWhileIdle:true
2017-02-21 18:00:33,880 DEBUG[main](DBPool.java:68)-jdbc.filters:stat,slf4j
2017-02-21 18:00:33,880 DEBUG[main](DBPool.java:68)-jdbc.validationQuery:select 1 from dual
2017-02-21 18:00:33,881 DEBUG[main](DBPool.java:68)-jdbc.testOnBorrow:false
2017-02-21 18:00:33,881 DEBUG[main](DBPool.java:68)-jdbc.maxPoolPreparedStatementPerConnectionSize:-1
2017-02-21 18:00:33,881 DEBUG[main](DBPool.java:68)-jdbc.testOnReturn:false
2017-02-21 18:00:33,881 DEBUG[main](DBPool.java:68)-jdbc.defaultAutoCommit:false
2017-02-21 18:00:33,883 DEBUG[main](DBPool.java:68)-jdbc.minEvictableIdleTimeMillis:300000
2017-02-21 18:00:33,883 DEBUG[main](DBPool.java:68)-jdbc.timeBetweenEvictionRunsMillis:60000
2017-02-21 18:00:33,883 DEBUG[main](DBPool.java:68)-jdbc.dbType:oracle
2017-02-21 18:00:33,905  INFO[main](DBPool.java:93)-Using DataSource : com.alibaba.druid.pool.DruidDataSource
2017-02-21 18:00:34,768  INFO[main](DBPool.java:100)-Connected to Oracle Oracle Database 11g Enterprise Edition Release 11.2.0.1.0 - 64bit Production
With the Partitioning, OLAP, Data Mining and Real Application Testing options
2017-02-21 18:00:34,768  INFO[main](PoolStatistics.java:24)-数据库连接数:0
2017-02-21 18:00:42,747 DEBUG[main](DBPool.java:68)-jdbc.poolPreparedStatements:false
2017-02-21 18:00:42,749 DEBUG[main](DBPool.java:68)-jdbc.maxActive:2
2017-02-21 18:00:42,749 DEBUG[main](DBPool.java:68)-jdbc.datasource:com.alibaba.druid.pool.DruidDataSource
2017-02-21 18:00:42,752 DEBUG[main](DBPool.java:68)-jdbc.url:jdbc:oracle:thin:@10.0.42.205:1521:orcl
2017-02-21 18:00:42,752 DEBUG[main](DBPool.java:68)-jdbc.minIdle:1
2017-02-21 18:00:42,752 DEBUG[main](DBPool.java:68)-jdbc.username:zmsjzx
2017-02-21 18:00:42,753 DEBUG[main](DBPool.java:68)-jdbc.driverClass:oracle.jdbc.driver.OracleDriver
2017-02-21 18:00:42,753 DEBUG[main](DBPool.java:68)-jdbc.initialSize:1
2017-02-21 18:00:42,753 DEBUG[main](DBPool.java:68)-jdbc.maxWait:60000
2017-02-21 18:00:42,753 DEBUG[main](DBPool.java:68)-jdbc.testWhileIdle:true
2017-02-21 18:00:42,753 DEBUG[main](DBPool.java:68)-jdbc.filters:stat,slf4j
2017-02-21 18:00:42,754 DEBUG[main](DBPool.java:68)-jdbc.validationQuery:select 1 from dual
2017-02-21 18:00:42,754 DEBUG[main](DBPool.java:68)-jdbc.testOnBorrow:false
2017-02-21 18:00:42,754 DEBUG[main](DBPool.java:68)-jdbc.maxPoolPreparedStatementPerConnectionSize:-1
2017-02-21 18:00:42,754 DEBUG[main](DBPool.java:68)-jdbc.testOnReturn:false
2017-02-21 18:00:42,755 DEBUG[main](DBPool.java:68)-jdbc.defaultAutoCommit:false
2017-02-21 18:00:42,756 DEBUG[main](DBPool.java:68)-jdbc.minEvictableIdleTimeMillis:300000
2017-02-21 18:00:42,756 DEBUG[main](DBPool.java:68)-jdbc.timeBetweenEvictionRunsMillis:60000
2017-02-21 18:00:42,757 DEBUG[main](DBPool.java:68)-jdbc.dbType:oracle
2017-02-21 18:00:42,780  INFO[main](DBPool.java:93)-Using DataSource : com.alibaba.druid.pool.DruidDataSource
2017-02-21 18:00:43,738  INFO[main](DBPool.java:100)-Connected to Oracle Oracle Database 11g Enterprise Edition Release 11.2.0.1.0 - 64bit Production
With the Partitioning, OLAP, Data Mining and Real Application Testing options
2017-02-21 18:00:43,738  INFO[main](PoolStatistics.java:24)-数据库连接数:0
2017-02-21 21:16:53,108 DEBUG[main](DBPool.java:68)-jdbc.poolPreparedStatements:false
2017-02-21 21:16:53,111 DEBUG[main](DBPool.java:68)-jdbc.maxActive:2
2017-02-21 21:16:53,111 DEBUG[main](DBPool.java:68)-jdbc.datasource:com.alibaba.druid.pool.DruidDataSource
2017-02-21 21:16:53,114 DEBUG[main](DBPool.java:68)-jdbc.url:jdbc:oracle:thin:@10.0.42.205:1521:orcl
2017-02-21 21:16:53,114 DEBUG[main](DBPool.java:68)-jdbc.minIdle:1
2017-02-21 21:16:53,115 DEBUG[main](DBPool.java:68)-jdbc.username:zmsjzx
2017-02-21 21:16:53,115 DEBUG[main](DBPool.java:68)-jdbc.driverClass:oracle.jdbc.driver.OracleDriver
2017-02-21 21:16:53,115 DEBUG[main](DBPool.java:68)-jdbc.initialSize:1
2017-02-21 21:16:53,116 DEBUG[main](DBPool.java:68)-jdbc.maxWait:60000
2017-02-21 21:16:53,116 DEBUG[main](DBPool.java:68)-jdbc.testWhileIdle:true
2017-02-21 21:16:53,116 DEBUG[main](DBPool.java:68)-jdbc.filters:stat,slf4j
2017-02-21 21:16:53,116 DEBUG[main](DBPool.java:68)-jdbc.validationQuery:select 1 from dual
2017-02-21 21:16:53,116 DEBUG[main](DBPool.java:68)-jdbc.testOnBorrow:false
2017-02-21 21:16:53,117 DEBUG[main](DBPool.java:68)-jdbc.maxPoolPreparedStatementPerConnectionSize:-1
2017-02-21 21:16:53,117 DEBUG[main](DBPool.java:68)-jdbc.testOnReturn:false
2017-02-21 21:16:53,117 DEBUG[main](DBPool.java:68)-jdbc.defaultAutoCommit:false
2017-02-21 21:16:53,119 DEBUG[main](DBPool.java:68)-jdbc.minEvictableIdleTimeMillis:300000
2017-02-21 21:16:53,119 DEBUG[main](DBPool.java:68)-jdbc.timeBetweenEvictionRunsMillis:60000
2017-02-21 21:16:53,119 DEBUG[main](DBPool.java:68)-jdbc.dbType:oracle
2017-02-21 21:16:53,146  INFO[main](DBPool.java:93)-Using DataSource : com.alibaba.druid.pool.DruidDataSource
2017-02-21 21:16:54,930  INFO[main](DBPool.java:100)-Connected to Oracle Oracle Database 11g Enterprise Edition Release 11.2.0.1.0 - 64bit Production
With the Partitioning, OLAP, Data Mining and Real Application Testing options
2017-02-21 21:16:54,931  INFO[main](PoolStatistics.java:24)-数据库连接数:0
2017-03-01 16:35:08,060 DEBUG[main](DBPool.java:68)-jdbc.poolPreparedStatements:false
2017-03-01 16:35:08,062 DEBUG[main](DBPool.java:68)-jdbc.maxActive:2
2017-03-01 16:35:08,063 DEBUG[main](DBPool.java:68)-jdbc.datasource:com.alibaba.druid.pool.DruidDataSource
2017-03-01 16:35:08,066 DEBUG[main](DBPool.java:68)-jdbc.url:jdbc:oracle:thin:@10.0.42.205:1521:orcl
2017-03-01 16:35:08,066 DEBUG[main](DBPool.java:68)-jdbc.minIdle:1
2017-03-01 16:35:08,066 DEBUG[main](DBPool.java:68)-jdbc.username:zmsjzx
2017-03-01 16:35:08,066 DEBUG[main](DBPool.java:68)-jdbc.driverClass:oracle.jdbc.driver.OracleDriver
2017-03-01 16:35:08,066 DEBUG[main](DBPool.java:68)-jdbc.initialSize:1
2017-03-01 16:35:08,067 DEBUG[main](DBPool.java:68)-jdbc.maxWait:60000
2017-03-01 16:35:08,067 DEBUG[main](DBPool.java:68)-jdbc.testWhileIdle:true
2017-03-01 16:35:08,067 DEBUG[main](DBPool.java:68)-jdbc.filters:stat,slf4j
2017-03-01 16:35:08,067 DEBUG[main](DBPool.java:68)-jdbc.validationQuery:select 1 from dual
2017-03-01 16:35:08,067 DEBUG[main](DBPool.java:68)-jdbc.testOnBorrow:false
2017-03-01 16:35:08,067 DEBUG[main](DBPool.java:68)-jdbc.maxPoolPreparedStatementPerConnectionSize:-1
2017-03-01 16:35:08,067 DEBUG[main](DBPool.java:68)-jdbc.testOnReturn:false
2017-03-01 16:35:08,068 DEBUG[main](DBPool.java:68)-jdbc.defaultAutoCommit:false
2017-03-01 16:35:08,069 DEBUG[main](DBPool.java:68)-jdbc.minEvictableIdleTimeMillis:300000
2017-03-01 16:35:08,069 DEBUG[main](DBPool.java:68)-jdbc.timeBetweenEvictionRunsMillis:60000
2017-03-01 16:35:08,069 DEBUG[main](DBPool.java:68)-jdbc.dbType:oracle
2017-03-01 16:35:08,089  INFO[main](DBPool.java:93)-Using DataSource : com.alibaba.druid.pool.DruidDataSource
2017-03-01 16:35:09,542  INFO[main](DBPool.java:100)-Connected to Oracle Oracle Database 11g Enterprise Edition Release 11.2.0.1.0 - 64bit Production
With the Partitioning, OLAP, Data Mining and Real Application Testing options
2017-03-01 16:35:09,542  INFO[main](PoolStatistics.java:24)-数据库连接数:0
2017-03-24 09:57:06,542 DEBUG[main](DBPool.java:68)-jdbc.poolPreparedStatements:false
2017-03-24 09:57:06,544 DEBUG[main](DBPool.java:68)-jdbc.maxActive:2
2017-03-24 09:57:06,544 DEBUG[main](DBPool.java:68)-jdbc.datasource:com.alibaba.druid.pool.DruidDataSource
2017-03-24 09:57:06,546 DEBUG[main](DBPool.java:68)-jdbc.url:jdbc:oracle:thin:@10.0.42.205:1521:orcl
2017-03-24 09:57:06,547 DEBUG[main](DBPool.java:68)-jdbc.minIdle:1
2017-03-24 09:57:06,547 DEBUG[main](DBPool.java:68)-jdbc.username:zmsjzx
2017-03-24 09:57:06,547 DEBUG[main](DBPool.java:68)-jdbc.driverClass:oracle.jdbc.driver.OracleDriver
2017-03-24 09:57:06,547 DEBUG[main](DBPool.java:68)-jdbc.initialSize:1
2017-03-24 09:57:06,547 DEBUG[main](DBPool.java:68)-jdbc.maxWait:60000
2017-03-24 09:57:06,547 DEBUG[main](DBPool.java:68)-jdbc.testWhileIdle:true
2017-03-24 09:57:06,547 DEBUG[main](DBPool.java:68)-jdbc.filters:stat,slf4j
2017-03-24 09:57:06,547 DEBUG[main](DBPool.java:68)-jdbc.validationQuery:select 1 from dual
2017-03-24 09:57:06,548 DEBUG[main](DBPool.java:68)-jdbc.testOnBorrow:false
2017-03-24 09:57:06,548 DEBUG[main](DBPool.java:68)-jdbc.maxPoolPreparedStatementPerConnectionSize:-1
2017-03-24 09:57:06,548 DEBUG[main](DBPool.java:68)-jdbc.testOnReturn:false
2017-03-24 09:57:06,548 DEBUG[main](DBPool.java:68)-jdbc.defaultAutoCommit:false
2017-03-24 09:57:06,550 DEBUG[main](DBPool.java:68)-jdbc.minEvictableIdleTimeMillis:300000
2017-03-24 09:57:06,550 DEBUG[main](DBPool.java:68)-jdbc.timeBetweenEvictionRunsMillis:60000
2017-03-24 09:57:06,551 DEBUG[main](DBPool.java:68)-jdbc.dbType:oracle
2017-03-24 09:57:06,574  INFO[main](DBPool.java:93)-Using DataSource : com.alibaba.druid.pool.DruidDataSource
2017-03-24 09:57:07,423  INFO[main](DBPool.java:100)-Connected to Oracle Oracle Database 11g Enterprise Edition Release 11.2.0.1.0 - 64bit Production
With the Partitioning, OLAP, Data Mining and Real Application Testing options
2017-03-24 09:57:07,424  INFO[main](PoolStatistics.java:24)-数据库连接数:0
2017-03-24 09:57:07,548 ERROR[main](Slf4jLogFilter.java:149)-{conn-10001, stmt-20001} execute error. select * from SYS_USER_v where 1<0
java.sql.SQLSyntaxErrorException: ORA-00942: 表或视图不存在

	at oracle.jdbc.driver.T4CTTIoer.processError(T4CTTIoer.java:440)
	at oracle.jdbc.driver.T4CTTIoer.processError(T4CTTIoer.java:396)
	at oracle.jdbc.driver.T4C8Oall.processError(T4C8Oall.java:837)
	at oracle.jdbc.driver.T4CTTIfun.receive(T4CTTIfun.java:445)
	at oracle.jdbc.driver.T4CTTIfun.doRPC(T4CTTIfun.java:191)
	at oracle.jdbc.driver.T4C8Oall.doOALL(T4C8Oall.java:523)
	at oracle.jdbc.driver.T4CStatement.doOall8(T4CStatement.java:193)
	at oracle.jdbc.driver.T4CStatement.executeForDescribe(T4CStatement.java:852)
	at oracle.jdbc.driver.OracleStatement.executeMaybeDescribe(OracleStatement.java:1153)
	at oracle.jdbc.driver.OracleStatement.doExecuteWithTimeout(OracleStatement.java:1275)
	at oracle.jdbc.driver.OracleStatement.executeQuery(OracleStatement.java:1477)
	at oracle.jdbc.driver.OracleStatementWrapper.executeQuery(OracleStatementWrapper.java:392)
	at com.alibaba.druid.filter.FilterChainImpl.statement_executeQuery(FilterChainImpl.java:2363)
	at com.alibaba.druid.filter.FilterAdapter.statement_executeQuery(FilterAdapter.java:2481)
	at com.alibaba.druid.filter.FilterEventAdapter.statement_executeQuery(FilterEventAdapter.java:302)
	at com.alibaba.druid.filter.FilterChainImpl.statement_executeQuery(FilterChainImpl.java:2360)
	at com.alibaba.druid.filter.FilterAdapter.statement_executeQuery(FilterAdapter.java:2481)
	at com.alibaba.druid.filter.FilterEventAdapter.statement_executeQuery(FilterEventAdapter.java:302)
	at com.alibaba.druid.filter.FilterChainImpl.statement_executeQuery(FilterChainImpl.java:2360)
	at com.alibaba.druid.proxy.jdbc.StatementProxyImpl.executeQuery(StatementProxyImpl.java:211)
	at com.alibaba.druid.pool.DruidPooledStatement.executeQuery(DruidPooledStatement.java:143)
	at my.dao.utils.OraclePOGen.getColumns(OraclePOGen.java:173)
	at my.dao.utils.OraclePOGen.gen(OraclePOGen.java:85)
	at TestDataGen.main(TestDataGen.java:14)
2017-04-28 10:31:24,591 DEBUG[main](DBPool.java:68)-jdbc.poolPreparedStatements:false
2017-04-28 10:31:24,603 DEBUG[main](DBPool.java:68)-jdbc.maxActive:2
2017-04-28 10:31:24,603 DEBUG[main](DBPool.java:68)-jdbc.datasource:com.alibaba.druid.pool.DruidDataSource
2017-04-28 10:31:24,608 DEBUG[main](DBPool.java:68)-jdbc.url:jdbc:oracle:thin:@10.0.42.205:1521:orcl
2017-04-28 10:31:24,608 DEBUG[main](DBPool.java:68)-jdbc.minIdle:1
2017-04-28 10:31:24,609 DEBUG[main](DBPool.java:68)-jdbc.username:zmsjzx
2017-04-28 10:31:24,609 DEBUG[main](DBPool.java:68)-jdbc.driverClass:oracle.jdbc.driver.OracleDriver
2017-04-28 10:31:24,609 DEBUG[main](DBPool.java:68)-jdbc.initialSize:1
2017-04-28 10:31:24,610 DEBUG[main](DBPool.java:68)-jdbc.maxWait:60000
2017-04-28 10:31:24,610 DEBUG[main](DBPool.java:68)-jdbc.testWhileIdle:true
2017-04-28 10:31:24,610 DEBUG[main](DBPool.java:68)-jdbc.filters:stat,slf4j
2017-04-28 10:31:24,611 DEBUG[main](DBPool.java:68)-jdbc.validationQuery:select 1 from dual
2017-04-28 10:31:24,611 DEBUG[main](DBPool.java:68)-jdbc.testOnBorrow:false
2017-04-28 10:31:24,612 DEBUG[main](DBPool.java:68)-jdbc.maxPoolPreparedStatementPerConnectionSize:-1
2017-04-28 10:31:24,612 DEBUG[main](DBPool.java:68)-jdbc.testOnReturn:false
2017-04-28 10:31:24,612 DEBUG[main](DBPool.java:68)-jdbc.defaultAutoCommit:false
2017-04-28 10:31:24,617 DEBUG[main](DBPool.java:68)-jdbc.minEvictableIdleTimeMillis:300000
2017-04-28 10:31:24,618 DEBUG[main](DBPool.java:68)-jdbc.timeBetweenEvictionRunsMillis:60000
2017-04-28 10:31:24,618 DEBUG[main](DBPool.java:68)-jdbc.dbType:oracle
2017-04-28 10:31:24,652  INFO[main](DBPool.java:93)-Using DataSource : com.alibaba.druid.pool.DruidDataSource
2017-04-28 10:31:25,400  INFO[main](DBPool.java:100)-Connected to Oracle Oracle Database 11g Enterprise Edition Release 11.2.0.1.0 - 64bit Production
With the Partitioning, OLAP, Data Mining and Real Application Testing options
2017-04-28 10:31:25,401  INFO[main](PoolStatistics.java:24)-数据库连接数:0
2017-05-03 07:57:24,321 DEBUG[main](DBPool.java:68)-jdbc.poolPreparedStatements:false
2017-05-03 07:57:24,360 DEBUG[main](DBPool.java:68)-jdbc.maxActive:2
2017-05-03 07:57:24,361 DEBUG[main](DBPool.java:68)-jdbc.datasource:com.alibaba.druid.pool.DruidDataSource
2017-05-03 07:57:24,363 DEBUG[main](DBPool.java:68)-jdbc.url:jdbc:oracle:thin:@10.0.42.205:1521:orcl
2017-05-03 07:57:24,364 DEBUG[main](DBPool.java:68)-jdbc.minIdle:1
2017-05-03 07:57:24,364 DEBUG[main](DBPool.java:68)-jdbc.username:zmsjzx
2017-05-03 07:57:24,364 DEBUG[main](DBPool.java:68)-jdbc.driverClass:oracle.jdbc.driver.OracleDriver
2017-05-03 07:57:24,364 DEBUG[main](DBPool.java:68)-jdbc.initialSize:1
2017-05-03 07:57:24,364 DEBUG[main](DBPool.java:68)-jdbc.maxWait:60000
2017-05-03 07:57:24,364 DEBUG[main](DBPool.java:68)-jdbc.testWhileIdle:true
2017-05-03 07:57:24,365 DEBUG[main](DBPool.java:68)-jdbc.filters:stat,slf4j
2017-05-03 07:57:24,365 DEBUG[main](DBPool.java:68)-jdbc.validationQuery:select 1 from dual
2017-05-03 07:57:24,365 DEBUG[main](DBPool.java:68)-jdbc.testOnBorrow:false
2017-05-03 07:57:24,365 DEBUG[main](DBPool.java:68)-jdbc.maxPoolPreparedStatementPerConnectionSize:-1
2017-05-03 07:57:24,365 DEBUG[main](DBPool.java:68)-jdbc.testOnReturn:false
2017-05-03 07:57:24,366 DEBUG[main](DBPool.java:68)-jdbc.defaultAutoCommit:false
2017-05-03 07:57:24,367 DEBUG[main](DBPool.java:68)-jdbc.minEvictableIdleTimeMillis:300000
2017-05-03 07:57:24,368 DEBUG[main](DBPool.java:68)-jdbc.timeBetweenEvictionRunsMillis:60000
2017-05-03 07:57:24,368 DEBUG[main](DBPool.java:68)-jdbc.dbType:oracle
2017-05-03 07:57:24,392  INFO[main](DBPool.java:93)-Using DataSource : com.alibaba.druid.pool.DruidDataSource
2017-05-03 07:57:25,502  INFO[main](DBPool.java:100)-Connected to Oracle Oracle Database 11g Enterprise Edition Release 11.2.0.1.0 - 64bit Production
With the Partitioning, OLAP, Data Mining and Real Application Testing options
2017-05-03 07:57:25,502  INFO[main](PoolStatistics.java:24)-数据库连接数:0
